[INFO] Scanning for projects...
[INFO] 
[INFO] ---------------------< in.winvestco:user-service >----------------------
[INFO] Building WINVESTCO User Service 1.0.0
[INFO]   from pom.xml
[INFO] --------------------------------[ jar ]---------------------------------
[INFO] 
[INFO] --- clean:3.3.2:clean (default-clean) @ user-service ---
[INFO] Deleting D:\winvestco-trading-platform\backend\user-service\target
[INFO] 
[INFO] --- jacoco:0.8.11:prepare-agent (default) @ user-service ---
[INFO] argLine set to "-javaagent:C:\\Users\\Sharad Gupta\\.m2\\repository\\org\\jacoco\\org.jacoco.agent\\0.8.11\\org.jacoco.agent-0.8.11-runtime.jar=destfile=D:\\winvestco-trading-platform\\backend\\user-service\\target\\jacoco.exec"
[INFO] 
[INFO] --- resources:3.3.1:resources (default-resources) @ user-service ---
[INFO] Copying 8 resources from src\main\resources to target\classes
[INFO] 
[INFO] --- compiler:3.11.0:compile (default-compile) @ user-service ---
[INFO] Changes detected - recompiling the module! :source
[INFO] Compiling 19 source files with javac [debug release 21] to target\classes
[INFO] 
[INFO] --- resources:3.3.1:testResources (default-testResources) @ user-service ---
[INFO] Copying 1 resource from src\test\resources to target\test-classes
[INFO] 
[INFO] --- compiler:3.11.0:testCompile (default-testCompile) @ user-service ---
[INFO] Changes detected - recompiling the module! :dependency
[INFO] Compiling 15 source files with javac [debug release 21] to target\test-classes
[WARNING] The following options were not recognized by any processor: '[mapstruct.defaultComponentModel]'
[INFO] 
[INFO] --- surefire:3.1.2:test (default-test) @ user-service ---
[INFO] Using auto detected provider org.apache.maven.surefire.junitplatform.JUnitPlatformProvider
[INFO] 
[INFO] -------------------------------------------------------
[INFO]  T E S T S
[INFO] -------------------------------------------------------
[INFO] Running in.winvestco.user_service.controller.AuthControllerTest
[INFO] Running in.winvestco.user_service.controller.AuthControllerTest$GetCurrentUserTests
mvn : WARNING: A Java agent has been loaded dynamically (C:\Users\Sharad 
Gupta\.m2\repository\net\bytebuddy\byte-buddy-agent\1.14.10\byte-buddy-agent-1.14.10.jar)
At line:1 char:1
+ mvn clean test 2>&1 | Out-File -FilePath jacoco_run_final_4.txt -Enco ...
+ ~~~~~~~~~~~~~~~~~~~
    + CategoryInfo          : NotSpecified: (WARNING: A Java...nt-1.14.10.jar):String) [], RemoteException
    + FullyQualifiedErrorId : NativeCommandError
 
WARNING: If a serviceability tool is in use, please run with -XX:+EnableDynamicAgentLoading to hide this warning
WARNING: If a serviceability tool is not in use, please run with -Djdk.instrument.traceUsage for more information
WARNING: Dynamic loading of agents will be disallowed by default in a future release
Java HotSpot(TM) 64-Bit Server VM warning: Sharing is only supported for boot loader classes because bootstrap 
classpath has been appended
[INFO] Tests run: 4, Failures: 0, Errors: 0, Skipped: 0, Time elapsed: 2.978 s -- in in.winvestco.user_service.controller.AuthControllerTest$GetCurrentUserTests
[INFO] Running in.winvestco.user_service.controller.AuthControllerTest$LoginTests
[INFO] Tests run: 2, Failures: 0, Errors: 0, Skipped: 0, Time elapsed: 0.105 s -- in in.winvestco.user_service.controller.AuthControllerTest$LoginTests
[INFO] Tests run: 0, Failures: 0, Errors: 0, Skipped: 0, Time elapsed: 3.126 s -- in in.winvestco.user_service.controller.AuthControllerTest
[INFO] Running in.winvestco.user_service.controller.UserControllerTest
[INFO] Running in.winvestco.user_service.controller.UserControllerTest$UpdateRolesTests
[INFO] Tests run: 1, Failures: 0, Errors: 0, Skipped: 0, Time elapsed: 0.032 s -- in in.winvestco.user_service.controller.UserControllerTest$UpdateRolesTests
[INFO] Running in.winvestco.user_service.controller.UserControllerTest$UpdateStatusTests
[INFO] Tests run: 1, Failures: 0, Errors: 0, Skipped: 0, Time elapsed: 0.007 s -- in in.winvestco.user_service.controller.UserControllerTest$UpdateStatusTests
[INFO] Running in.winvestco.user_service.controller.UserControllerTest$DeleteTests
[INFO] Tests run: 1, Failures: 0, Errors: 0, Skipped: 0, Time elapsed: 0.009 s -- in in.winvestco.user_service.controller.UserControllerTest$DeleteTests
[INFO] Running in.winvestco.user_service.controller.UserControllerTest$UpdateTests
[INFO] Tests run: 2, Failures: 0, Errors: 0, Skipped: 0, Time elapsed: 0.013 s -- in in.winvestco.user_service.controller.UserControllerTest$UpdateTests
[INFO] Running in.winvestco.user_service.controller.UserControllerTest$RegisterTests
[INFO] Tests run: 1, Failures: 0, Errors: 0, Skipped: 0, Time elapsed: 0.008 s -- in in.winvestco.user_service.controller.UserControllerTest$RegisterTests
[INFO] Running in.winvestco.user_service.controller.UserControllerTest$FindByIdTests
[INFO] Tests run: 1, Failures: 0, Errors: 0, Skipped: 0, Time elapsed: 0.006 s -- in in.winvestco.user_service.controller.UserControllerTest$FindByIdTests
[INFO] Running in.winvestco.user_service.controller.UserControllerTest$FindAllTests
[INFO] Tests run: 8, Failures: 0, Errors: 0, Skipped: 0, Time elapsed: 0.032 s -- in in.winvestco.user_service.controller.UserControllerTest$FindAllTests
[INFO] Tests run: 0, Failures: 0, Errors: 0, Skipped: 0, Time elapsed: 0.131 s -- in in.winvestco.user_service.controller.UserControllerTest
[INFO] Running in.winvestco.user_service.dto.LoginRequestTest
12:45:14.272 [main] INFO org.hibernate.validator.internal.util.Version -- HV000001: Hibernate Validator 8.0.1.Final
[INFO] Running in.winvestco.user_service.dto.LoginRequestTest$ToStringTests
[INFO] Tests run: 1, Failures: 0, Errors: 0, Skipped: 0, Time elapsed: 0.012 s -- in in.winvestco.user_service.dto.LoginRequestTest$ToStringTests
[INFO] Running in.winvestco.user_service.dto.LoginRequestTest$EqualityTests
[INFO] Tests run: 4, Failures: 0, Errors: 0, Skipped: 0, Time elapsed: 0.013 s -- in in.winvestco.user_service.dto.LoginRequestTest$EqualityTests
[INFO] Running in.winvestco.user_service.dto.LoginRequestTest$RecordAccessorTests
[INFO] Tests run: 2, Failures: 0, Errors: 0, Skipped: 0, Time elapsed: 0.004 s -- in in.winvestco.user_service.dto.LoginRequestTest$RecordAccessorTests
[INFO] Running in.winvestco.user_service.dto.LoginRequestTest$PasswordValidationTests
[INFO] Tests run: 4, Failures: 0, Errors: 0, Skipped: 0, Time elapsed: 0.182 s -- in in.winvestco.user_service.dto.LoginRequestTest$PasswordValidationTests
[INFO] Running in.winvestco.user_service.dto.LoginRequestTest$EmailValidationTests
[INFO] Tests run: 6, Failures: 0, Errors: 0, Skipped: 0, Time elapsed: 0.013 s -- in in.winvestco.user_service.dto.LoginRequestTest$EmailValidationTests
[INFO] Running in.winvestco.user_service.dto.LoginRequestTest$ValidRequestTests
[INFO] Tests run: 2, Failures: 0, Errors: 0, Skipped: 0, Time elapsed: 0.005 s -- in in.winvestco.user_service.dto.LoginRequestTest$ValidRequestTests
[INFO] Tests run: 0, Failures: 0, Errors: 0, Skipped: 0, Time elapsed: 0.832 s -- in in.winvestco.user_service.dto.LoginRequestTest
[INFO] Running in.winvestco.user_service.dto.RegisterRequestTest
[INFO] Tests run: 4, Failures: 0, Errors: 0, Skipped: 0, Time elapsed: 0.058 s -- in in.winvestco.user_service.dto.RegisterRequestTest
[INFO] Running in.winvestco.user_service.dto.UserResponseTest
[INFO] Running in.winvestco.user_service.dto.UserResponseTest$ToStringTests
[INFO] Tests run: 1, Failures: 0, Errors: 0, Skipped: 0, Time elapsed: 0.008 s -- in in.winvestco.user_service.dto.UserResponseTest$ToStringTests
[INFO] Running in.winvestco.user_service.dto.UserResponseTest$SerializationTests
[INFO] Tests run: 1, Failures: 0, Errors: 0, Skipped: 0, Time elapsed: 0.003 s -- in in.winvestco.user_service.dto.UserResponseTest$SerializationTests
[INFO] Running in.winvestco.user_service.dto.UserResponseTest$EqualityTests
[INFO] Tests run: 2, Failures: 0, Errors: 0, Skipped: 0, Time elapsed: 0.004 s -- in in.winvestco.user_service.dto.UserResponseTest$EqualityTests
[INFO] Running in.winvestco.user_service.dto.UserResponseTest$SetterTests
[INFO] Tests run: 1, Failures: 0, Errors: 0, Skipped: 0, Time elapsed: 0.005 s -- in in.winvestco.user_service.dto.UserResponseTest$SetterTests
[INFO] Running in.winvestco.user_service.dto.UserResponseTest$ConstructorTests
[INFO] Tests run: 2, Failures: 0, Errors: 0, Skipped: 0, Time elapsed: 0.002 s -- in in.winvestco.user_service.dto.UserResponseTest$ConstructorTests
[INFO] Running in.winvestco.user_service.dto.UserResponseTest$FromUserTests
[INFO] Tests run: 4, Failures: 0, Errors: 0, Skipped: 0, Time elapsed: 0.009 s -- in in.winvestco.user_service.dto.UserResponseTest$FromUserTests
[INFO] Tests run: 0, Failures: 0, Errors: 0, Skipped: 0, Time elapsed: 0.043 s -- in in.winvestco.user_service.dto.UserResponseTest
[INFO] Running in.winvestco.user_service.exception.UserExceptionHandlerTest
[INFO] Tests run: 4, Failures: 0, Errors: 0, Skipped: 0, Time elapsed: 0.036 s -- in in.winvestco.user_service.exception.UserExceptionHandlerTest
[INFO] Running in.winvestco.user_service.exception.UserNotFoundExceptionTest
[INFO] Running in.winvestco.user_service.exception.UserNotFoundExceptionTest$ExceptionHierarchyTests
[INFO] Tests run: 2, Failures: 0, Errors: 0, Skipped: 0, Time elapsed: 0.002 s -- in in.winvestco.user_service.exception.UserNotFoundExceptionTest$ExceptionHierarchyTests
[INFO] Running in.winvestco.user_service.exception.UserNotFoundExceptionTest$ConstructorWithStringLoginTests
[INFO] Tests run: 4, Failures: 0, Errors: 0, Skipped: 0, Time elapsed: 0.006 s -- in in.winvestco.user_service.exception.UserNotFoundExceptionTest$ConstructorWithStringLoginTests
[INFO] Running in.winvestco.user_service.exception.UserNotFoundExceptionTest$ConstructorWithLongIdTests
[INFO] Tests run: 3, Failures: 0, Errors: 0, Skipped: 0, Time elapsed: 0.005 s -- in in.winvestco.user_service.exception.UserNotFoundExceptionTest$ConstructorWithLongIdTests
[INFO] Tests run: 0, Failures: 0, Errors: 0, Skipped: 0, Time elapsed: 0.021 s -- in in.winvestco.user_service.exception.UserNotFoundExceptionTest
[INFO] Running in.winvestco.user_service.model.UserTest
[INFO] Running in.winvestco.user_service.model.UserTest$SerializationTests
[INFO] Tests run: 1, Failures: 0, Errors: 0, Skipped: 0, Time elapsed: 0.002 s -- in in.winvestco.user_service.model.UserTest$SerializationTests
[INFO] Running in.winvestco.user_service.model.UserTest$AllArgsConstructorTests
[INFO] Tests run: 1, Failures: 0, Errors: 0, Skipped: 0, Time elapsed: 0.002 s -- in in.winvestco.user_service.model.UserTest$AllArgsConstructorTests
[INFO] Running in.winvestco.user_service.model.UserTest$NoArgsConstructorTests
[INFO] Tests run: 1, Failures: 0, Errors: 0, Skipped: 0, Time elapsed: 0.002 s -- in in.winvestco.user_service.model.UserTest$NoArgsConstructorTests
[INFO] Running in.winvestco.user_service.model.UserTest$ToStringTests
[INFO] Tests run: 2, Failures: 0, Errors: 0, Skipped: 0, Time elapsed: 0.008 s -- in in.winvestco.user_service.model.UserTest$ToStringTests
[INFO] Running in.winvestco.user_service.model.UserTest$EqualityTests
[INFO] Tests run: 3, Failures: 0, Errors: 0, Skipped: 0, Time elapsed: 0.005 s -- in in.winvestco.user_service.model.UserTest$EqualityTests
[INFO] Running in.winvestco.user_service.model.UserTest$PrePersistTests
[INFO] Tests run: 2, Failures: 0, Errors: 0, Skipped: 0, Time elapsed: 0.006 s -- in in.winvestco.user_service.model.UserTest$PrePersistTests
[INFO] Running in.winvestco.user_service.model.UserTest$GetterSetterTests
[INFO] Tests run: 9, Failures: 0, Errors: 0, Skipped: 0, Time elapsed: 0.019 s -- in in.winvestco.user_service.model.UserTest$GetterSetterTests
[INFO] Running in.winvestco.user_service.model.UserTest$BuilderTests
[INFO] Tests run: 3, Failures: 0, Errors: 0, Skipped: 0, Time elapsed: 0.005 s -- in in.winvestco.user_service.model.UserTest$BuilderTests
[INFO] Tests run: 0, Failures: 0, Errors: 0, Skipped: 0, Time elapsed: 0.066 s -- in in.winvestco.user_service.model.UserTest
[INFO] Running in.winvestco.user_service.repository.UserRepositoryTest
12:45:15.395 [main] INFO org.springframework.test.context.support.AnnotationConfigContextLoaderUtils -- Could not detect default configuration classes for test class [in.winvestco.user_service.repository.UserRepositoryTest]: UserRepositoryTest does not declare any static, non-private, non-final, nested classes annotated with @Configuration.
12:45:15.636 [main] INFO org.springframework.boot.test.context.SpringBootTestContextBootstrapper -- Found @SpringBootConfiguration in.winvestco.user_service.UserServiceApplication for test class in.winvestco.user_service.repository.UserRepositoryTest
12:45:15.872 [main] INFO org.springframework.boot.devtools.restart.RestartApplicationListener -- Restart disabled due to context in which it is running
12:45:16,768 |-INFO in ch.qos.logback.core.joran.spi.ConfigurationWatchList@fd9512f - URL [jar:file:/C:/Users/Sharad%20Gupta/.m2/repository/in/winvestco/common/1.0.0/common-1.0.0.jar!/logback-spring.xml] is not of type file
12:45:16,873 |-INFO in ch.qos.logback.core.joran.util.ConfigurationWatchListUtil@698c19ef - Adding [jar:file:/C:/Users/Sharad%20Gupta/.m2/repository/org/springframework/boot/spring-boot/3.2.0/spring-boot-3.2.0.jar!/org/springframework/boot/logging/logback/defaults.xml] to configuration watch list.
12:45:16,873 |-INFO in ch.qos.logback.core.joran.spi.ConfigurationWatchList@fd9512f - URL [jar:file:/C:/Users/Sharad%20Gupta/.m2/repository/org/springframework/boot/spring-boot/3.2.0/spring-boot-3.2.0.jar!/org/springframework/boot/logging/logback/defaults.xml] is not of type file
12:45:16,876 |-INFO in ch.qos.logback.core.joran.action.ConversionRuleAction - registering conversion word clr with class [org.springframework.boot.logging.logback.ColorConverter]
12:45:16,876 |-INFO in ch.qos.logback.core.joran.action.ConversionRuleAction - registering conversion word correlationId with class [org.springframework.boot.logging.logback.CorrelationIdConverter]
12:45:16,876 |-INFO in ch.qos.logback.core.joran.action.ConversionRuleAction - registering conversion word wex with class [org.springframework.boot.logging.logback.WhitespaceThrowableProxyConverter]
12:45:16,876 |-INFO in ch.qos.logback.core.joran.action.ConversionRuleAction - registering conversion word wEx with class [org.springframework.boot.logging.logback.ExtendedWhitespaceThrowableProxyConverter]
12:45:16,895 |-WARN in org.springframework.boot.logging.logback.SpringProfileIfNestedWithinSecondPhaseElementSanityChecker@713935c8 - <springProfile> elements cannot be nested within an <appender>, <logger> or <root> element
12:45:16,895 |-WARN in org.springframework.boot.logging.logback.SpringProfileIfNestedWithinSecondPhaseElementSanityChecker@713935c8 - Element <appender> at line 12 contains a nested <springProfile> element at line 14
12:45:16,895 |-WARN in org.springframework.boot.logging.logback.SpringProfileIfNestedWithinSecondPhaseElementSanityChecker@713935c8 - Element <appender> at line 12 contains a nested <springProfile> element at line 22
12:45:16,966 |-INFO in ch.qos.logback.classic.model.processor.LoggerModelHandler - Setting level of logger [org.apache.catalina.startup.DigesterFactory] to ERROR
12:45:16,966 |-INFO in ch.qos.logback.classic.jul.LevelChangePropagator@1cf38112 - Propagating ERROR level on Logger[org.apache.catalina.startup.DigesterFactory] onto the JUL framework
12:45:16,967 |-INFO in ch.qos.logback.classic.model.processor.LoggerModelHandler - Setting level of logger [org.apache.catalina.util.LifecycleBase] to ERROR
12:45:16,967 |-INFO in ch.qos.logback.classic.jul.LevelChangePropagator@1cf38112 - Propagating ERROR level on Logger[org.apache.catalina.util.LifecycleBase] onto the JUL framework
12:45:16,968 |-INFO in ch.qos.logback.classic.model.processor.LoggerModelHandler - Setting level of logger [org.apache.coyote.http11.Http11NioProtocol] to WARN
12:45:16,968 |-INFO in ch.qos.logback.classic.jul.LevelChangePropagator@1cf38112 - Propagating WARN level on Logger[org.apache.coyote.http11.Http11NioProtocol] onto the JUL framework
12:45:16,968 |-INFO in ch.qos.logback.classic.model.processor.LoggerModelHandler - Setting level of logger [org.apache.sshd.common.util.SecurityUtils] to WARN
12:45:16,968 |-INFO in ch.qos.logback.classic.jul.LevelChangePropagator@1cf38112 - Propagating WARN level on Logger[org.apache.sshd.common.util.SecurityUtils] onto the JUL framework
12:45:16,968 |-INFO in ch.qos.logback.classic.model.processor.LoggerModelHandler - Setting level of logger [org.apache.tomcat.util.net.NioSelectorPool] to WARN
12:45:16,968 |-INFO in ch.qos.logback.classic.jul.LevelChangePropagator@1cf38112 - Propagating WARN level on Logger[org.apache.tomcat.util.net.NioSelectorPool] onto the JUL framework
12:45:16,968 |-INFO in ch.qos.logback.classic.model.processor.LoggerModelHandler - Setting level of logger [org.eclipse.jetty.util.component.AbstractLifeCycle] to ERROR
12:45:16,968 |-INFO in ch.qos.logback.classic.jul.LevelChangePropagator@1cf38112 - Propagating ERROR level on Logger[org.eclipse.jetty.util.component.AbstractLifeCycle] onto the JUL framework
12:45:16,968 |-INFO in ch.qos.logback.classic.model.processor.LoggerModelHandler - Setting level of logger [org.hibernate.validator.internal.util.Version] to WARN
12:45:16,968 |-INFO in ch.qos.logback.classic.jul.LevelChangePropagator@1cf38112 - Propagating WARN level on Logger[org.hibernate.validator.internal.util.Version] onto the JUL framework
12:45:16,968 |-INFO in ch.qos.logback.classic.model.processor.LoggerModelHandler - Setting level of logger [org.springframework.boot.actuate.endpoint.jmx] to WARN
12:45:16,968 |-INFO in ch.qos.logback.classic.jul.LevelChangePropagator@1cf38112 - Propagating WARN level on Logger[org.springframework.boot.actuate.endpoint.jmx] onto the JUL framework
12:45:16,969 |-INFO in ch.qos.logback.core.model.processor.AppenderModelHandler - Processing appender named [CONSOLE]
12:45:16,969 |-INFO in ch.qos.logback.core.model.processor.AppenderModelHandler - About to instantiate appender of type [ch.qos.logback.core.ConsoleAppender]
12:45:17,025 |-INFO in ch.qos.logback.core.model.processor.ImplicitModelHandler - Assuming default type [net.logstash.logback.fieldnames.LogstashFieldNames] for [fieldNames] property
12:45:17,565 |-INFO in ch.qos.logback.core.model.processor.AppenderModelHandler - Processing appender named [FILE]
12:45:17,565 |-INFO in ch.qos.logback.core.model.processor.AppenderModelHandler - About to instantiate appender of type [ch.qos.logback.core.rolling.RollingFileAppender]
12:45:17,574 |-INFO in ch.qos.logback.core.model.processor.ImplicitModelHandler - Assuming default type [net.logstash.logback.fieldnames.LogstashFieldNames] for [fieldNames] property
12:45:17,585 |-INFO in c.q.l.core.rolling.SizeAndTimeBasedRollingPolicy@1508309898 - setting totalSizeCap to 1 GB
12:45:17,590 |-INFO in c.q.l.core.rolling.SizeAndTimeBasedRollingPolicy@1508309898 - Archive files will be limited to [10 MB] each.
12:45:17,606 |-INFO in c.q.l.core.rolling.SizeAndTimeBasedRollingPolicy@1508309898 - Will use gz compression
12:45:17,609 |-INFO in c.q.l.core.rolling.SizeAndTimeBasedRollingPolicy@1508309898 - Will use the pattern logs/application.log.%d{yyyy-MM-dd}.%i for the active file
12:45:17,612 |-INFO in ch.qos.logback.core.rolling.SizeAndTimeBasedFNATP@502cd238 - The date pattern is 'yyyy-MM-dd' from file name pattern 'logs/application.log.%d{yyyy-MM-dd}.%i.gz'.
12:45:17,612 |-INFO in ch.qos.logback.core.rolling.SizeAndTimeBasedFNATP@502cd238 - Roll-over at midnight.
12:45:17,613 |-INFO in ch.qos.logback.core.rolling.SizeAndTimeBasedFNATP@502cd238 - Setting initial period to 2025-12-24T07:14:02.172Z
12:45:17,620 |-INFO in ch.qos.logback.core.rolling.RollingFileAppender[FILE] - Active log file name: logs/application.log
12:45:17,620 |-INFO in ch.qos.logback.core.rolling.RollingFileAppender[FILE] - File property is set to [logs/application.log]
12:45:17,622 |-INFO in ch.qos.logback.core.model.processor.AppenderModelHandler - Processing appender named [ERROR_FILE]
12:45:17,622 |-INFO in ch.qos.logback.core.model.processor.AppenderModelHandler - About to instantiate appender of type [ch.qos.logback.core.rolling.RollingFileAppender]
12:45:17,625 |-INFO in ch.qos.logback.core.model.processor.ImplicitModelHandler - Assuming default type [net.logstash.logback.fieldnames.LogstashFieldNames] for [fieldNames] property
12:45:17,628 |-INFO in c.q.l.core.rolling.SizeAndTimeBasedRollingPolicy@1745037952 - setting totalSizeCap to 500 MB
12:45:17,628 |-INFO in c.q.l.core.rolling.SizeAndTimeBasedRollingPolicy@1745037952 - Archive files will be limited to [10 MB] each.
12:45:17,628 |-INFO in c.q.l.core.rolling.SizeAndTimeBasedRollingPolicy@1745037952 - Will use gz compression
12:45:17,628 |-INFO in c.q.l.core.rolling.SizeAndTimeBasedRollingPolicy@1745037952 - Will use the pattern logs/application.log-error.%d{yyyy-MM-dd}.%i for the active file
12:45:17,628 |-INFO in ch.qos.logback.core.rolling.SizeAndTimeBasedFNATP@6878cd83 - The date pattern is 'yyyy-MM-dd' from file name pattern 'logs/application.log-error.%d{yyyy-MM-dd}.%i.gz'.
12:45:17,628 |-INFO in ch.qos.logback.core.rolling.SizeAndTimeBasedFNATP@6878cd83 - Roll-over at midnight.
12:45:17,628 |-INFO in ch.qos.logback.core.rolling.SizeAndTimeBasedFNATP@6878cd83 - Setting initial period to 2025-12-24T07:13:54.997Z
12:45:17,629 |-INFO in ch.qos.logback.core.rolling.RollingFileAppender[ERROR_FILE] - Active log file name: logs/application.log-error.log
12:45:17,629 |-INFO in ch.qos.logback.core.rolling.RollingFileAppender[ERROR_FILE] - File property is set to [logs/application.log-error.log]
12:45:17,629 |-INFO in ch.qos.logback.core.model.processor.AppenderModelHandler - Processing appender named [AUDIT_FILE]
12:45:17,629 |-INFO in ch.qos.logback.core.model.processor.AppenderModelHandler - About to instantiate appender of type [ch.qos.logback.core.rolling.RollingFileAppender]
12:45:17,631 |-INFO in ch.qos.logback.core.model.processor.ImplicitModelHandler - Assuming default type [net.logstash.logback.fieldnames.LogstashFieldNames] for [fieldNames] property
12:45:17,634 |-INFO in c.q.l.core.rolling.SizeAndTimeBasedRollingPolicy@103563693 - setting totalSizeCap to 1 GB
12:45:17,634 |-INFO in c.q.l.core.rolling.SizeAndTimeBasedRollingPolicy@103563693 - Archive files will be limited to [10 MB] each.
12:45:17,634 |-INFO in c.q.l.core.rolling.SizeAndTimeBasedRollingPolicy@103563693 - Will use gz compression
12:45:17,634 |-INFO in c.q.l.core.rolling.SizeAndTimeBasedRollingPolicy@103563693 - Will use the pattern logs/application.log-audit.%d{yyyy-MM-dd}.%i for the active file
12:45:17,634 |-INFO in ch.qos.logback.core.rolling.SizeAndTimeBasedFNATP@3027fe42 - The date pattern is 'yyyy-MM-dd' from file name pattern 'logs/application.log-audit.%d{yyyy-MM-dd}.%i.gz'.
12:45:17,634 |-INFO in ch.qos.logback.core.rolling.SizeAndTimeBasedFNATP@3027fe42 - Roll-over at midnight.
12:45:17,635 |-INFO in ch.qos.logback.core.rolling.SizeAndTimeBasedFNATP@3027fe42 - Setting initial period to 2025-12-24T06:55:53.588Z
12:45:17,636 |-INFO in ch.qos.logback.core.rolling.RollingFileAppender[AUDIT_FILE] - Active log file name: logs/application.log-audit.log
12:45:17,636 |-INFO in ch.qos.logback.core.rolling.RollingFileAppender[AUDIT_FILE] - File property is set to [logs/application.log-audit.log]
12:45:17,636 |-INFO in ch.qos.logback.classic.model.processor.RootLoggerModelHandler - Setting level of ROOT logger to INFO
12:45:17,636 |-INFO in ch.qos.logback.classic.jul.LevelChangePropagator@1cf38112 - Propagating INFO level on Logger[ROOT] onto the JUL framework
12:45:17,636 |-INFO in ch.qos.logback.core.model.processor.AppenderRefModelHandler - Attaching appender named [CONSOLE] to Logger[ROOT]
12:45:17,636 |-INFO in ch.qos.logback.core.model.processor.AppenderRefModelHandler - Attaching appender named [FILE] to Logger[ROOT]
12:45:17,636 |-INFO in ch.qos.logback.core.model.processor.AppenderRefModelHandler - Attaching appender named [ERROR_FILE] to Logger[ROOT]
12:45:17,636 |-INFO in ch.qos.logback.classic.model.processor.LoggerModelHandler - Setting level of logger [in.winvestco] to DEBUG
12:45:17,636 |-INFO in ch.qos.logback.classic.jul.LevelChangePropagator@1cf38112 - Propagating DEBUG level on Logger[in.winvestco] onto the JUL framework
12:45:17,639 |-INFO in ch.qos.logback.classic.model.processor.LoggerModelHandler - Setting additivity of logger [in.winvestco] to false
12:45:17,639 |-INFO in ch.qos.logback.core.model.processor.AppenderRefModelHandler - Attaching appender named [CONSOLE] to Logger[in.winvestco]
12:45:17,639 |-INFO in ch.qos.logback.core.model.processor.AppenderRefModelHandler - Attaching appender named [FILE] to Logger[in.winvestco]
12:45:17,639 |-INFO in ch.qos.logback.core.model.processor.AppenderRefModelHandler - Attaching appender named [ERROR_FILE] to Logger[in.winvestco]
12:45:17,639 |-INFO in ch.qos.logback.classic.model.processor.LoggerModelHandler - Setting level of logger [org.springframework.security] to INFO
12:45:17,640 |-INFO in ch.qos.logback.classic.jul.LevelChangePropagator@1cf38112 - Propagating INFO level on Logger[org.springframework.security] onto the JUL framework
12:45:17,640 |-INFO in ch.qos.logback.classic.model.processor.LoggerModelHandler - Setting additivity of logger [org.springframework.security] to false
12:45:17,640 |-INFO in ch.qos.logback.core.model.processor.AppenderRefModelHandler - Attaching appender named [CONSOLE] to Logger[org.springframework.security]
12:45:17,640 |-INFO in ch.qos.logback.core.model.processor.AppenderRefModelHandler - Attaching appender named [FILE] to Logger[org.springframework.security]
12:45:17,640 |-INFO in ch.qos.logback.core.model.processor.AppenderRefModelHandler - Attaching appender named [ERROR_FILE] to Logger[org.springframework.security]
12:45:17,640 |-INFO in ch.qos.logback.classic.model.processor.LoggerModelHandler - Setting level of logger [org.hibernate.SQL] to DEBUG
12:45:17,640 |-INFO in ch.qos.logback.classic.jul.LevelChangePropagator@1cf38112 - Propagating DEBUG level on Logger[org.hibernate.SQL] onto the JUL framework
12:45:17,640 |-INFO in ch.qos.logback.classic.model.processor.LoggerModelHandler - Setting additivity of logger [org.hibernate.SQL] to false
12:45:17,640 |-INFO in ch.qos.logback.core.model.processor.AppenderRefModelHandler - Attaching appender named [CONSOLE] to Logger[org.hibernate.SQL]
12:45:17,640 |-INFO in ch.qos.logback.core.model.processor.AppenderRefModelHandler - Attaching appender named [FILE] to Logger[org.hibernate.SQL]
12:45:17,640 |-INFO in ch.qos.logback.classic.model.processor.LoggerModelHandler - Setting level of logger [org.hibernate.type.descriptor.sql.BasicBinder] to TRACE
12:45:17,640 |-INFO in ch.qos.logback.classic.jul.LevelChangePropagator@1cf38112 - Propagating TRACE level on Logger[org.hibernate.type.descriptor.sql.BasicBinder] onto the JUL framework
12:45:17,640 |-INFO in ch.qos.logback.classic.model.processor.LoggerModelHandler - Setting additivity of logger [org.hibernate.type.descriptor.sql.BasicBinder] to false
12:45:17,640 |-INFO in ch.qos.logback.core.model.processor.AppenderRefModelHandler - Attaching appender named [CONSOLE] to Logger[org.hibernate.type.descriptor.sql.BasicBinder]
12:45:17,640 |-INFO in ch.qos.logback.core.model.processor.AppenderRefModelHandler - Attaching appender named [FILE] to Logger[org.hibernate.type.descriptor.sql.BasicBinder]
12:45:17,640 |-INFO in ch.qos.logback.classic.model.processor.LoggerModelHandler - Setting level of logger [AUDIT] to INFO
12:45:17,640 |-INFO in ch.qos.logback.classic.jul.LevelChangePropagator@1cf38112 - Propagating INFO level on Logger[AUDIT] onto the JUL framework
12:45:17,640 |-INFO in ch.qos.logback.classic.model.processor.LoggerModelHandler - Setting additivity of logger [AUDIT] to false
12:45:17,640 |-INFO in ch.qos.logback.core.model.processor.AppenderRefModelHandler - Attaching appender named [AUDIT_FILE] to Logger[AUDIT]
12:45:17,640 |-INFO in ch.qos.logback.core.model.processor.DefaultProcessor@410185ec - End of configuration.
12:45:17,641 |-INFO in org.springframework.boot.logging.logback.SpringBootJoranConfigurator@6f3b4c9a - Registering current configuration as safe fallback point


??      ?? ?? ???    ?? ??    ?? ??????? ??????? ????????  ??????   ?????? 
??      ?? ?? ????   ?? ??    ?? ??      ??         ??    ??    ?? ??    ??
??  ??  ?? ?? ?? ??  ?? ??    ?? ?????   ???????    ??    ??       ??    ??
??  ??  ?? ?? ??  ?? ??  ??  ??  ??           ??    ??    ??    ?? ??    ??
 ????????  ?? ??   ????   ????   ??????? ???????    ??     ??????   ??????

   :: TradingApp :  : Copyright (c) 2025 WinvestCo Pvt Ltd. ::


{"@timestamp":"2025-12-24T12:45:17.789+05:30","message":"Starting UserRepositoryTest using Java 21.0.6 with PID 10192 (started by Sharad Gupta in D:\\winvestco-trading-platform\\backend\\user-service)","logger_name":"in.winvestco.user_service.repository.UserRepositoryTest","thread_name":"main","level":"INFO","level_value":20000,"service":"unknown","environment":"default"}
{"@timestamp":"2025-12-24T12:45:17.803+05:30","message":"Running with Spring Boot v3.2.0, Spring v6.1.1","logger_name":"in.winvestco.user_service.repository.UserRepositoryTest","thread_name":"main","level":"DEBUG","level_value":10000,"service":"unknown","environment":"default"}
{"@timestamp":"2025-12-24T12:45:17.803+05:30","message":"The following 1 profile is active: \"test\"","logger_name":"in.winvestco.user_service.repository.UserRepositoryTest","thread_name":"main","level":"INFO","level_value":20000,"service":"unknown","environment":"default"}
{"@timestamp":"2025-12-24T12:45:19.583+05:30","message":"Flyway upgrade recommended: H2 2.2.224 is newer than this version of Flyway and support has not been tested. The latest supported version of H2 is 2.2.220.","logger_name":"org.flywaydb.core.internal.database.base.Database","thread_name":"main","level":"WARN","level_value":30000,"service":"unknown","environment":"default"}
{"@timestamp":"2025-12-24T12:45:20.070+05:30","message":"HHH000511: The 2.2.0 version for [org.hibernate.dialect.PostgreSQLDialect] is no longer supported, hence certain features may not work properly. The minimum supported version is 11.0.0. Check the community dialects project for available legacy versions.","logger_name":"org.hibernate.dialect.Dialect","thread_name":"main","level":"WARN","level_value":30000,"service":"unknown","environment":"default"}
{"@timestamp":"2025-12-24T12:45:20.076+05:30","message":"HHH90000025: PostgreSQLDialect does not need to be specified explicitly using 'hibernate.dialect' (remove the property setting and it will be selected by default)","logger_name":"org.hibernate.orm.deprecation","thread_name":"main","level":"WARN","level_value":30000,"service":"unknown","environment":"default"}
{"@timestamp":"2025-12-24T12:45:21.194+05:30","message":"\r\n    alter table if exists users_roles \r\n       drop constraint if exists FK2o0jvgh89lemvvo17cbqvdxaa","logger_name":"org.hibernate.SQL","thread_name":"main","level":"DEBUG","level_value":10000,"service":"unknown","environment":"default"}
Hibernate: 
    alter table if exists users_roles 
       drop constraint if exists FK2o0jvgh89lemvvo17cbqvdxaa
{"@timestamp":"2025-12-24T12:45:21.196+05:30","message":"\r\n    drop table if exists users cascade","logger_name":"org.hibernate.SQL","thread_name":"main","level":"DEBUG","level_value":10000,"service":"unknown","environment":"default"}
Hibernate: 
    drop table if exists users cascade
{"@timestamp":"2025-12-24T12:45:21.200+05:30","message":"\r\n    drop table if exists users_roles cascade","logger_name":"org.hibernate.SQL","thread_name":"main","level":"DEBUG","level_value":10000,"service":"unknown","environment":"default"}
Hibernate: 
    drop table if exists users_roles cascade
{"@timestamp":"2025-12-24T12:45:21.212+05:30","message":"\r\n    create table users (\r\n        created_at timestamp(6) with time zone not null,\r\n        id bigserial not null,\r\n        last_login_at timestamp(6) with time zone,\r\n        updated_at timestamp(6) with time zone,\r\n        client_id varchar(20),\r\n        phone_number varchar(20),\r\n        status varchar(20) not null check (status in ('ACTIVE','SUSPENDED','CLOSED','LOCKED','BLOCKED','DELETED')),\r\n        first_name varchar(100),\r\n        last_name varchar(100),\r\n        password_hash varchar(100) not null,\r\n        email varchar(255) not null unique,\r\n        primary key (id)\r\n    )","logger_name":"org.hibernate.SQL","thread_name":"main","level":"DEBUG","level_value":10000,"service":"unknown","environment":"default"}
Hibernate: 
    create table users (
        created_at timestamp(6) with time zone not null,
        id bigserial not null,
        last_login_at timestamp(6) with time zone,
        updated_at timestamp(6) with time zone,
        client_id varchar(20),
        phone_number varchar(20),
        status varchar(20) not null check (status in ('ACTIVE','SUSPENDED','CLOSED','LOCKED','BLOCKED','DELETED')),
        first_name varchar(100),
        last_name varchar(100),
        password_hash varchar(100) not null,
        email varchar(255) not null unique,
        primary key (id)
    )
{"@timestamp":"2025-12-24T12:45:21.218+05:30","message":"\r\n    create table users_roles (\r\n        user_id bigint not null,\r\n        role varchar(50) check (role in ('ADMIN','USER','VIEWER'))\r\n    )","logger_name":"org.hibernate.SQL","thread_name":"main","level":"DEBUG","level_value":10000,"service":"unknown","environment":"default"}
Hibernate: 
    create table users_roles (
        user_id bigint not null,
        role varchar(50) check (role in ('ADMIN','USER','VIEWER'))
    )
{"@timestamp":"2025-12-24T12:45:21.220+05:30","message":"\r\n    alter table if exists users_roles \r\n       add constraint FK2o0jvgh89lemvvo17cbqvdxaa \r\n       foreign key (user_id) \r\n       references users","logger_name":"org.hibernate.SQL","thread_name":"main","level":"DEBUG","level_value":10000,"service":"unknown","environment":"default"}
Hibernate: 
    alter table if exists users_roles 
       add constraint FK2o0jvgh89lemvvo17cbqvdxaa 
       foreign key (user_id) 
       references users
{"@timestamp":"2025-12-24T12:45:21.245+05:30","message":"UserServiceApplication initialized with centralized logging and service discovery","logger_name":"in.winvestco.user_service.UserServiceApplication","thread_name":"main","level":"INFO","level_value":20000,"service":"unknown","environment":"default"}
{"@timestamp":"2025-12-24T12:45:21.834+05:30","message":"Started UserRepositoryTest in 6.012 seconds (process running for 12.349)","logger_name":"in.winvestco.user_service.repository.UserRepositoryTest","thread_name":"main","level":"INFO","level_value":20000,"service":"unknown","environment":"default"}
{"@timestamp":"2025-12-24T12:45:21.922+05:30","message":"\r\n    insert \r\n    into\r\n        users\r\n        (client_id, created_at, email, first_name, last_login_at, last_name, password_hash, phone_number, status, updated_at) \r\n    values\r\n        (?, ?, ?, ?, ?, ?, ?, ?, ?, ?)","logger_name":"org.hibernate.SQL","thread_name":"main","level":"DEBUG","level_value":10000,"service":"unknown","environment":"default"}
Hibernate: 
    insert 
    into
        users
        (client_id, created_at, email, first_name, last_login_at, last_name, password_hash, phone_number, status, updated_at) 
    values
        (?, ?, ?, ?, ?, ?, ?, ?, ?, ?)
{"@timestamp":"2025-12-24T12:45:21.949+05:30","message":"\r\n    insert \r\n    into\r\n        users_roles\r\n        (user_id, role) \r\n    values\r\n        (?, ?)","logger_name":"org.hibernate.SQL","thread_name":"main","level":"DEBUG","level_value":10000,"service":"unknown","environment":"default"}
Hibernate: 
    insert 
    into
        users_roles
        (user_id, role) 
    values
        (?, ?)
{"@timestamp":"2025-12-24T12:45:21.953+05:30","message":"\r\n    insert \r\n    into\r\n        users\r\n        (client_id, created_at, email, first_name, last_login_at, last_name, password_hash, phone_number, status, updated_at) \r\n    values\r\n        (?, ?, ?, ?, ?, ?, ?, ?, ?, ?)","logger_name":"org.hibernate.SQL","thread_name":"main","level":"DEBUG","level_value":10000,"service":"unknown","environment":"default"}
Hibernate: 
    insert 
    into
        users
        (client_id, created_at, email, first_name, last_login_at, last_name, password_hash, phone_number, status, updated_at) 
    values
        (?, ?, ?, ?, ?, ?, ?, ?, ?, ?)
{"@timestamp":"2025-12-24T12:45:21.954+05:30","message":"\r\n    insert \r\n    into\r\n        users_roles\r\n        (user_id, role) \r\n    values\r\n        (?, ?)","logger_name":"org.hibernate.SQL","thread_name":"main","level":"DEBUG","level_value":10000,"service":"unknown","environment":"default"}
Hibernate: 
    insert 
    into
        users_roles
        (user_id, role) 
    values
        (?, ?)
{"@timestamp":"2025-12-24T12:45:21.955+05:30","message":"\r\n    insert \r\n    into\r\n        users_roles\r\n        (user_id, role) \r\n    values\r\n        (?, ?)","logger_name":"org.hibernate.SQL","thread_name":"main","level":"DEBUG","level_value":10000,"service":"unknown","environment":"default"}
Hibernate: 
    insert 
    into
        users_roles
        (user_id, role) 
    values
        (?, ?)
{"@timestamp":"2025-12-24T12:45:22.121+05:30","message":"\r\n    select\r\n        u1_0.id,\r\n        u1_0.client_id,\r\n        u1_0.created_at,\r\n        u1_0.email,\r\n        u1_0.first_name,\r\n        u1_0.last_login_at,\r\n        u1_0.last_name,\r\n        u1_0.password_hash,\r\n        u1_0.phone_number,\r\n        u1_0.status,\r\n        u1_0.updated_at \r\n    from\r\n        users u1_0 \r\n    where\r\n        ? in (select\r\n            r1_0.role \r\n        from\r\n            users_roles r1_0 \r\n        where\r\n            u1_0.id=r1_0.user_id)","logger_name":"org.hibernate.SQL","thread_name":"main","level":"DEBUG","level_value":10000,"service":"unknown","environment":"default"}
Hibernate: 
    select
        u1_0.id,
        u1_0.client_id,
        u1_0.created_at,
        u1_0.email,
        u1_0.first_name,
        u1_0.last_login_at,
        u1_0.last_name,
        u1_0.password_hash,
        u1_0.phone_number,
        u1_0.status,
        u1_0.updated_at 
    from
        users u1_0 
    where
        ? in (select
            r1_0.role 
        from
            users_roles r1_0 
        where
            u1_0.id=r1_0.user_id)
{"@timestamp":"2025-12-24T12:45:22.148+05:30","message":"\r\n    insert \r\n    into\r\n        users\r\n        (client_id, created_at, email, first_name, last_login_at, last_name, password_hash, phone_number, status, updated_at) \r\n    values\r\n        (?, ?, ?, ?, ?, ?, ?, ?, ?, ?)","logger_name":"org.hibernate.SQL","thread_name":"main","level":"DEBUG","level_value":10000,"service":"unknown","environment":"default"}
Hibernate: 
    insert 
    into
        users
        (client_id, created_at, email, first_name, last_login_at, last_name, password_hash, phone_number, status, updated_at) 
    values
        (?, ?, ?, ?, ?, ?, ?, ?, ?, ?)
{"@timestamp":"2025-12-24T12:45:22.150+05:30","message":"\r\n    insert \r\n    into\r\n        users_roles\r\n        (user_id, role) \r\n    values\r\n        (?, ?)","logger_name":"org.hibernate.SQL","thread_name":"main","level":"DEBUG","level_value":10000,"service":"unknown","environment":"default"}
Hibernate: 
    insert 
    into
        users_roles
        (user_id, role) 
    values
        (?, ?)
{"@timestamp":"2025-12-24T12:45:22.163+05:30","message":"\r\n    select\r\n        u1_0.id \r\n    from\r\n        users u1_0 \r\n    where\r\n        u1_0.email=? \r\n    fetch\r\n        first ? rows only","logger_name":"org.hibernate.SQL","thread_name":"main","level":"DEBUG","level_value":10000,"service":"unknown","environment":"default"}
Hibernate: 
    select
        u1_0.id 
    from
        users u1_0 
    where
        u1_0.email=? 
    fetch
        first ? rows only
{"@timestamp":"2025-12-24T12:45:22.174+05:30","message":"\r\n    select\r\n        u1_0.id \r\n    from\r\n        users u1_0 \r\n    where\r\n        u1_0.email=? \r\n    fetch\r\n        first ? rows only","logger_name":"org.hibernate.SQL","thread_name":"main","level":"DEBUG","level_value":10000,"service":"unknown","environment":"default"}
Hibernate: 
    select
        u1_0.id 
    from
        users u1_0 
    where
        u1_0.email=? 
    fetch
        first ? rows only
{"@timestamp":"2025-12-24T12:45:22.181+05:30","message":"\r\n    insert \r\n    into\r\n        users\r\n        (client_id, created_at, email, first_name, last_login_at, last_name, password_hash, phone_number, status, updated_at) \r\n    values\r\n        (?, ?, ?, ?, ?, ?, ?, ?, ?, ?)","logger_name":"org.hibernate.SQL","thread_name":"main","level":"DEBUG","level_value":10000,"service":"unknown","environment":"default"}
Hibernate: 
    insert 
    into
        users
        (client_id, created_at, email, first_name, last_login_at, last_name, password_hash, phone_number, status, updated_at) 
    values
        (?, ?, ?, ?, ?, ?, ?, ?, ?, ?)
{"@timestamp":"2025-12-24T12:45:22.183+05:30","message":"\r\n    insert \r\n    into\r\n        users_roles\r\n        (user_id, role) \r\n    values\r\n        (?, ?)","logger_name":"org.hibernate.SQL","thread_name":"main","level":"DEBUG","level_value":10000,"service":"unknown","environment":"default"}
Hibernate: 
    insert 
    into
        users_roles
        (user_id, role) 
    values
        (?, ?)
{"@timestamp":"2025-12-24T12:45:22.187+05:30","message":"\r\n    select\r\n        u1_0.id,\r\n        u1_0.client_id,\r\n        u1_0.created_at,\r\n        u1_0.email,\r\n        u1_0.first_name,\r\n        u1_0.last_login_at,\r\n        u1_0.last_name,\r\n        u1_0.password_hash,\r\n        u1_0.phone_number,\r\n        u1_0.status,\r\n        u1_0.updated_at \r\n    from\r\n        users u1_0 \r\n    where\r\n        ? in (select\r\n            r1_0.role \r\n        from\r\n            users_roles r1_0 \r\n        where\r\n            u1_0.id=r1_0.user_id)","logger_name":"org.hibernate.SQL","thread_name":"main","level":"DEBUG","level_value":10000,"service":"unknown","environment":"default"}
Hibernate: 
    select
        u1_0.id,
        u1_0.client_id,
        u1_0.created_at,
        u1_0.email,
        u1_0.first_name,
        u1_0.last_login_at,
        u1_0.last_name,
        u1_0.password_hash,
        u1_0.phone_number,
        u1_0.status,
        u1_0.updated_at 
    from
        users u1_0 
    where
        ? in (select
            r1_0.role 
        from
            users_roles r1_0 
        where
            u1_0.id=r1_0.user_id)
{"@timestamp":"2025-12-24T12:45:22.194+05:30","message":"\r\n    insert \r\n    into\r\n        users\r\n        (client_id, created_at, email, first_name, last_login_at, last_name, password_hash, phone_number, status, updated_at) \r\n    values\r\n        (?, ?, ?, ?, ?, ?, ?, ?, ?, ?)","logger_name":"org.hibernate.SQL","thread_name":"main","level":"DEBUG","level_value":10000,"service":"unknown","environment":"default"}
Hibernate: 
    insert 
    into
        users
        (client_id, created_at, email, first_name, last_login_at, last_name, password_hash, phone_number, status, updated_at) 
    values
        (?, ?, ?, ?, ?, ?, ?, ?, ?, ?)
{"@timestamp":"2025-12-24T12:45:22.197+05:30","message":"\r\n    insert \r\n    into\r\n        users_roles\r\n        (user_id, role) \r\n    values\r\n        (?, ?)","logger_name":"org.hibernate.SQL","thread_name":"main","level":"DEBUG","level_value":10000,"service":"unknown","environment":"default"}
Hibernate: 
    insert 
    into
        users_roles
        (user_id, role) 
    values
        (?, ?)
{"@timestamp":"2025-12-24T12:45:22.199+05:30","message":"\r\n    select\r\n        u1_0.id,\r\n        u1_0.client_id,\r\n        u1_0.created_at,\r\n        u1_0.email,\r\n        u1_0.first_name,\r\n        u1_0.last_login_at,\r\n        u1_0.last_name,\r\n        u1_0.password_hash,\r\n        u1_0.phone_number,\r\n        u1_0.status,\r\n        u1_0.updated_at \r\n    from\r\n        users u1_0 \r\n    where\r\n        u1_0.email=?","logger_name":"org.hibernate.SQL","thread_name":"main","level":"DEBUG","level_value":10000,"service":"unknown","environment":"default"}
Hibernate: 
    select
        u1_0.id,
        u1_0.client_id,
        u1_0.created_at,
        u1_0.email,
        u1_0.first_name,
        u1_0.last_login_at,
        u1_0.last_name,
        u1_0.password_hash,
        u1_0.phone_number,
        u1_0.status,
        u1_0.updated_at 
    from
        users u1_0 
    where
        u1_0.email=?
{"@timestamp":"2025-12-24T12:45:22.207+05:30","message":"\r\n    select\r\n        u1_0.id,\r\n        u1_0.client_id,\r\n        u1_0.created_at,\r\n        u1_0.email,\r\n        u1_0.first_name,\r\n        u1_0.last_login_at,\r\n        u1_0.last_name,\r\n        u1_0.password_hash,\r\n        u1_0.phone_number,\r\n        u1_0.status,\r\n        u1_0.updated_at \r\n    from\r\n        users u1_0 \r\n    where\r\n        u1_0.email=?","logger_name":"org.hibernate.SQL","thread_name":"main","level":"DEBUG","level_value":10000,"service":"unknown","environment":"default"}
Hibernate: 
    select
        u1_0.id,
        u1_0.client_id,
        u1_0.created_at,
        u1_0.email,
        u1_0.first_name,
        u1_0.last_login_at,
        u1_0.last_name,
        u1_0.password_hash,
        u1_0.phone_number,
        u1_0.status,
        u1_0.updated_at 
    from
        users u1_0 
    where
        u1_0.email=?
{"@timestamp":"2025-12-24T12:45:22.213+05:30","message":"\r\n    insert \r\n    into\r\n        users\r\n        (client_id, created_at, email, first_name, last_login_at, last_name, password_hash, phone_number, status, updated_at) \r\n    values\r\n        (?, ?, ?, ?, ?, ?, ?, ?, ?, ?)","logger_name":"org.hibernate.SQL","thread_name":"main","level":"DEBUG","level_value":10000,"service":"unknown","environment":"default"}
Hibernate: 
    insert 
    into
        users
        (client_id, created_at, email, first_name, last_login_at, last_name, password_hash, phone_number, status, updated_at) 
    values
        (?, ?, ?, ?, ?, ?, ?, ?, ?, ?)
{"@timestamp":"2025-12-24T12:45:22.216+05:30","message":"\r\n    insert \r\n    into\r\n        users_roles\r\n        (user_id, role) \r\n    values\r\n        (?, ?)","logger_name":"org.hibernate.SQL","thread_name":"main","level":"DEBUG","level_value":10000,"service":"unknown","environment":"default"}
Hibernate: 
    insert 
    into
        users_roles
        (user_id, role) 
    values
        (?, ?)
{"@timestamp":"2025-12-24T12:45:22.217+05:30","message":"\r\n    insert \r\n    into\r\n        users\r\n        (client_id, created_at, email, first_name, last_login_at, last_name, password_hash, phone_number, status, updated_at) \r\n    values\r\n        (?, ?, ?, ?, ?, ?, ?, ?, ?, ?)","logger_name":"org.hibernate.SQL","thread_name":"main","level":"DEBUG","level_value":10000,"service":"unknown","environment":"default"}
Hibernate: 
    insert 
    into
        users
        (client_id, created_at, email, first_name, last_login_at, last_name, password_hash, phone_number, status, updated_at) 
    values
        (?, ?, ?, ?, ?, ?, ?, ?, ?, ?)
{"@timestamp":"2025-12-24T12:45:22.219+05:30","message":"\r\n    insert \r\n    into\r\n        users_roles\r\n        (user_id, role) \r\n    values\r\n        (?, ?)","logger_name":"org.hibernate.SQL","thread_name":"main","level":"DEBUG","level_value":10000,"service":"unknown","environment":"default"}
Hibernate: 
    insert 
    into
        users_roles
        (user_id, role) 
    values
        (?, ?)
{"@timestamp":"2025-12-24T12:45:22.222+05:30","message":"\r\n    select\r\n        u1_0.id,\r\n        u1_0.client_id,\r\n        u1_0.created_at,\r\n        u1_0.email,\r\n        u1_0.first_name,\r\n        u1_0.last_login_at,\r\n        u1_0.last_name,\r\n        u1_0.password_hash,\r\n        u1_0.phone_number,\r\n        u1_0.status,\r\n        u1_0.updated_at \r\n    from\r\n        users u1_0 \r\n    where\r\n        u1_0.status=?","logger_name":"org.hibernate.SQL","thread_name":"main","level":"DEBUG","level_value":10000,"service":"unknown","environment":"default"}
Hibernate: 
    select
        u1_0.id,
        u1_0.client_id,
        u1_0.created_at,
        u1_0.email,
        u1_0.first_name,
        u1_0.last_login_at,
        u1_0.last_name,
        u1_0.password_hash,
        u1_0.phone_number,
        u1_0.status,
        u1_0.updated_at 
    from
        users u1_0 
    where
        u1_0.status=?
{"@timestamp":"2025-12-24T12:45:22.229+05:30","message":"\r\n    insert \r\n    into\r\n        users\r\n        (client_id, created_at, email, first_name, last_login_at, last_name, password_hash, phone_number, status, updated_at) \r\n    values\r\n        (?, ?, ?, ?, ?, ?, ?, ?, ?, ?)","logger_name":"org.hibernate.SQL","thread_name":"main","level":"DEBUG","level_value":10000,"service":"unknown","environment":"default"}
Hibernate: 
    insert 
    into
        users
        (client_id, created_at, email, first_name, last_login_at, last_name, password_hash, phone_number, status, updated_at) 
    values
        (?, ?, ?, ?, ?, ?, ?, ?, ?, ?)
{"@timestamp":"2025-12-24T12:45:22.230+05:30","message":"\r\n    insert \r\n    into\r\n        users_roles\r\n        (user_id, role) \r\n    values\r\n        (?, ?)","logger_name":"org.hibernate.SQL","thread_name":"main","level":"DEBUG","level_value":10000,"service":"unknown","environment":"default"}
Hibernate: 
    insert 
    into
        users_roles
        (user_id, role) 
    values
        (?, ?)
{"@timestamp":"2025-12-24T12:45:22.233+05:30","message":"\r\n    select\r\n        u1_0.id,\r\n        u1_0.client_id,\r\n        u1_0.created_at,\r\n        u1_0.email,\r\n        u1_0.first_name,\r\n        u1_0.last_login_at,\r\n        u1_0.last_name,\r\n        u1_0.password_hash,\r\n        u1_0.phone_number,\r\n        u1_0.status,\r\n        u1_0.updated_at \r\n    from\r\n        users u1_0 \r\n    where\r\n        u1_0.first_name=?","logger_name":"org.hibernate.SQL","thread_name":"main","level":"DEBUG","level_value":10000,"service":"unknown","environment":"default"}
Hibernate: 
    select
        u1_0.id,
        u1_0.client_id,
        u1_0.created_at,
        u1_0.email,
        u1_0.first_name,
        u1_0.last_login_at,
        u1_0.last_name,
        u1_0.password_hash,
        u1_0.phone_number,
        u1_0.status,
        u1_0.updated_at 
    from
        users u1_0 
    where
        u1_0.first_name=?
[INFO] Tests run: 8, Failures: 0, Errors: 0, Skipped: 0, Time elapsed: 7.048 s -- in in.winvestco.user_service.repository.UserRepositoryTest
[INFO] Running in.winvestco.user_service.security.UserDetailsImplTest
[INFO] Running in.winvestco.user_service.security.UserDetailsImplTest$GetterTests
[INFO] Tests run: 3, Failures: 0, Errors: 0, Skipped: 0, Time elapsed: 0.005 s -- in in.winvestco.user_service.security.UserDetailsImplTest$GetterTests
[INFO] Running in.winvestco.user_service.security.UserDetailsImplTest$EqualityTests
[INFO] Tests run: 4, Failures: 0, Errors: 0, Skipped: 0, Time elapsed: 0.004 s -- in in.winvestco.user_service.security.UserDetailsImplTest$EqualityTests
[INFO] Running in.winvestco.user_service.security.UserDetailsImplTest$AccountStatusTests
[INFO] Tests run: 4, Failures: 0, Errors: 0, Skipped: 0, Time elapsed: 0.008 s -- in in.winvestco.user_service.security.UserDetailsImplTest$AccountStatusTests
[INFO] Running in.winvestco.user_service.security.UserDetailsImplTest$AuthorityTests
[INFO] Tests run: 2, Failures: 0, Errors: 0, Skipped: 0, Time elapsed: 0.006 s -- in in.winvestco.user_service.security.UserDetailsImplTest$AuthorityTests
[INFO] Running in.winvestco.user_service.security.UserDetailsImplTest$BuildMethodTests
[INFO] Tests run: 1, Failures: 0, Errors: 0, Skipped: 0, Time elapsed: 0.001 s -- in in.winvestco.user_service.security.UserDetailsImplTest$BuildMethodTests
[INFO] Running in.winvestco.user_service.security.UserDetailsImplTest$ConstructorTests
[INFO] Tests run: 2, Failures: 0, Errors: 0, Skipped: 0, Time elapsed: 0.002 s -- in in.winvestco.user_service.security.UserDetailsImplTest$ConstructorTests
[INFO] Tests run: 0, Failures: 0, Errors: 0, Skipped: 0, Time elapsed: 0.032 s -- in in.winvestco.user_service.security.UserDetailsImplTest
[INFO] Running in.winvestco.user_service.security.UserDetailsServiceImplTest
[INFO] Running in.winvestco.user_service.security.UserDetailsServiceImplTest$EdgeCaseTests
[INFO] Tests run: 2, Failures: 0, Errors: 0, Skipped: 0, Time elapsed: 0.125 s -- in in.winvestco.user_service.security.UserDetailsServiceImplTest$EdgeCaseTests
[INFO] Running in.winvestco.user_service.security.UserDetailsServiceImplTest$LoggingTests
[INFO] Tests run: 3, Failures: 0, Errors: 0, Skipped: 0, Time elapsed: 0.013 s -- in in.winvestco.user_service.security.UserDetailsServiceImplTest$LoggingTests
[INFO] Running in.winvestco.user_service.security.UserDetailsServiceImplTest$LoadUserByUsernameFailureTests
[INFO] Tests run: 6, Failures: 0, Errors: 0, Skipped: 0, Time elapsed: 0.017 s -- in in.winvestco.user_service.security.UserDetailsServiceImplTest$LoadUserByUsernameFailureTests
[INFO] Running in.winvestco.user_service.security.UserDetailsServiceImplTest$LoadUserByUsernameSuccessTests
[INFO] Tests run: 3, Failures: 0, Errors: 0, Skipped: 0, Time elapsed: 0.011 s -- in in.winvestco.user_service.security.UserDetailsServiceImplTest$LoadUserByUsernameSuccessTests
[INFO] Tests run: 0, Failures: 0, Errors: 0, Skipped: 0, Time elapsed: 0.171 s -- in in.winvestco.user_service.security.UserDetailsServiceImplTest
[INFO] Running in.winvestco.user_service.service.JwtServiceTest
[INFO] Running in.winvestco.user_service.service.JwtServiceTest$TokenValidationTests
{"@timestamp":"2025-12-24T12:45:22.552+05:30","message":"Token validation failed","logger_name":"in.winvestco.user_service.service.JwtService","thread_name":"main","level":"ERROR","level_value":40000,"stack_trace":"io.jsonwebtoken.MalformedJwtException: Malformed protected header JSON: Unable to deserialize: Unexpected character ('?' (code 65533 / 0xfffd)): expected a valid value (JSON String, Number, Array, Object or token 'null', 'true' or 'false')\n at [Source: (InputStreamReader); line: 1, column: 2]\r\n\tat io.jsonwebtoken.impl.io.JsonObjectDeserializer.malformed(JsonObjectDeserializer.java:76)\r\n\tat io.jsonwebtoken.impl.io.JsonObjectDeserializer.apply(JsonObjectDeserializer.java:70)\r\n\tat io.jsonwebtoken.impl.DefaultJwtParser.deserialize(DefaultJwtParser.java:890)\r\n\tat io.jsonwebtoken.impl.DefaultJwtParser.parse(DefaultJwtParser.java:380)\r\n\tat io.jsonwebtoken.impl.DefaultJwtParser.parse(DefaultJwtParser.java:362)\r\n\tat io.jsonwebtoken.impl.DefaultJwtParser.parse(DefaultJwtParser.java:94)\r\n\tat io.jsonwebtoken.impl.io.AbstractParser.parse(AbstractParser.java:36)\r\n\tat io.jsonwebtoken.impl.io.AbstractParser.parse(AbstractParser.java:29)\r\n\tat io.jsonwebtoken.impl.DefaultJwtParser.parseSignedClaims(DefaultJwtParser.java:821)\r\n\tat in.winvestco.user_service.service.JwtService.extractAllClaims(JwtService.java:123)\r\n\tat in.winvestco.user_service.service.JwtService.extractClaim(JwtService.java:112)\r\n\tat in.winvestco.user_service.service.JwtService.extractExpiration(JwtService.java:105)\r\n\tat in.winvestco.user_service.service.JwtService.isTokenExpired(JwtService.java:131)\r\n\tat in.winvestco.user_service.service.JwtService.validateToken(JwtService.java:147)\r\n\tat in.winvestco.user_service.service.JwtServiceTest$TokenValidationTests.validateToken_WithMalformedToken_ShouldReturnFalse(JwtServiceTest.java:179)\r\n\tat java.base/jdk.internal.reflect.DirectMethodHandleAccessor.invoke(DirectMethodHandleAccessor.java:103)\r\n\tat java.base/java.lang.reflect.Method.invoke(Method.java:580)\r\n\tat org.junit.platform.commons.util.ReflectionUtils.invokeMethod(ReflectionUtils.java:728)\r\n\tat org.junit.jupiter.engine.execution.MethodInvocation.proceed(MethodInvocation.java:60)\r\n\tat org.junit.jupiter.engine.execution.InvocationInterceptorChain$ValidatingInvocation.proceed(InvocationInterceptorChain.java:131)\r\n\tat org.junit.jupiter.engine.extension.TimeoutExtension.intercept(TimeoutExtension.java:156)\r\n\tat org.junit.jupiter.engine.extension.TimeoutExtension.interceptTestableMethod(TimeoutExtension.java:147)\r\n\tat org.junit.jupiter.engine.extension.TimeoutExtension.interceptTestMethod(TimeoutExtension.java:86)\r\n\tat org.junit.jupiter.engine.execution.InterceptingExecutableInvoker$ReflectiveInterceptorCall.lambda$ofVoidMethod$0(InterceptingExecutableInvoker.java:103)\r\n\tat org.junit.jupiter.engine.execution.InterceptingExecutableInvoker.lambda$invoke$0(InterceptingExecutableInvoker.java:93)\r\n\tat org.junit.jupiter.engine.execution.InvocationInterceptorChain$InterceptedInvocation.proceed(InvocationInterceptorChain.java:106)\r\n\tat org.junit.jupiter.engine.execution.InvocationInterceptorChain.proceed(InvocationInterceptorChain.java:64)\r\n\tat org.junit.jupiter.engine.execution.InvocationInterceptorChain.chainAndInvoke(InvocationInterceptorChain.java:45)\r\n\tat org.junit.jupiter.engine.execution.InvocationInterceptorChain.invoke(InvocationInterceptorChain.java:37)\r\n\tat org.junit.jupiter.engine.execution.InterceptingExecutableInvoker.invoke(InterceptingExecutableInvoker.java:92)\r\n\tat org.junit.jupiter.engine.execution.InterceptingExecutableInvoker.invoke(InterceptingExecutableInvoker.java:86)\r\n\tat org.junit.jupiter.engine.descriptor.TestMethodTestDescriptor.lambda$invokeTestMethod$7(TestMethodTestDescriptor.java:218)\r\n\tat org.junit.platform.engine.support.hierarchical.ThrowableCollector.execute(ThrowableCollector.java:73)\r\n\tat org.junit.jupiter.engine.descriptor.TestMethodTestDescriptor.invokeTestMethod(TestMethodTestDescriptor.java:214)\r\n\tat org.junit.jupiter.engine.descriptor.TestMethodTestDescriptor.execute(TestMethodTestDescriptor.java:139)\r\n\tat org.junit.jupiter.engine.descriptor.TestMethodTestDescriptor.execute(TestMethodTestDescriptor.java:69)\r\n\tat org.junit.platform.engine.support.hierarchical.NodeTestTask.lambda$executeRecursively$6(NodeTestTask.java:151)\r\n\tat org.junit.platform.engine.support.hierarchical.ThrowableCollector.execute(ThrowableCollector.java:73)\r\n\tat org.junit.platform.engine.support.hierarchical.NodeTestTask.lambda$executeRecursively$8(NodeTestTask.java:141)\r\n\tat org.junit.platform.engine.support.hierarchical.Node.around(Node.java:137)\r\n\tat org.junit.platform.engine.support.hierarchical.NodeTestTask.lambda$executeRecursively$9(NodeTestTask.java:139)\r\n\tat org.junit.platform.engine.support.hierarchical.ThrowableCollector.execute(ThrowableCollector.java:73)\r\n\tat org.junit.platform.engine.support.hierarchical.NodeTestTask.executeRecursively(NodeTestTask.java:138)\r\n\tat org.junit.platform.engine.support.hierarchical.NodeTestTask.execute(NodeTestTask.java:95)\r\n\tat java.base/java.util.ArrayList.forEach(ArrayList.java:1596)\r\n\tat org.junit.platform.engine.support.hierarchical.SameThreadHierarchicalTestExecutorService.invokeAll(SameThreadHierarchicalTestExecutorService.java:41)\r\n\tat org.junit.platform.engine.support.hierarchical.NodeTestTask.lambda$executeRecursively$6(NodeTestTask.java:155)\r\n\tat org.junit.platform.engine.support.hierarchical.ThrowableCollector.execute(ThrowableCollector.java:73)\r\n\tat org.junit.platform.engine.support.hierarchical.NodeTestTask.lambda$executeRecursively$8(NodeTestTask.java:141)\r\n\tat org.junit.platform.engine.support.hierarchical.Node.around(Node.java:137)\r\n\tat org.junit.platform.engine.support.hierarchical.NodeTestTask.lambda$executeRecursively$9(NodeTestTask.java:139)\r\n\tat org.junit.platform.engine.support.hierarchical.ThrowableCollector.execute(ThrowableCollector.java:73)\r\n\tat org.junit.platform.engine.support.hierarchical.NodeTestTask.executeRecursively(NodeTestTask.java:138)\r\n\tat org.junit.platform.engine.support.hierarchical.NodeTestTask.execute(NodeTestTask.java:95)\r\n\tat java.base/java.util.ArrayList.forEach(ArrayList.java:1596)\r\n\tat org.junit.platform.engine.support.hierarchical.SameThreadHierarchicalTestExecutorService.invokeAll(SameThreadHierarchicalTestExecutorService.java:41)\r\n\tat org.junit.platform.engine.support.hierarchical.NodeTestTask.lambda$executeRecursively$6(NodeTestTask.java:155)\r\n\tat org.junit.platform.engine.support.hierarchical.ThrowableCollector.execute(ThrowableCollector.java:73)\r\n\tat org.junit.platform.engine.support.hierarchical.NodeTestTask.lambda$executeRecursively$8(NodeTestTask.java:141)\r\n\tat org.junit.platform.engine.support.hierarchical.Node.around(Node.java:137)\r\n\tat org.junit.platform.engine.support.hierarchical.NodeTestTask.lambda$executeRecursively$9(NodeTestTask.java:139)\r\n\tat org.junit.platform.engine.support.hierarchical.ThrowableCollector.execute(ThrowableCollector.java:73)\r\n\tat org.junit.platform.engine.support.hierarchical.NodeTestTask.executeRecursively(NodeTestTask.java:138)\r\n\tat org.junit.platform.engine.support.hierarchical.NodeTestTask.execute(NodeTestTask.java:95)\r\n\tat java.base/java.util.ArrayList.forEach(ArrayList.java:1596)\r\n\tat org.junit.platform.engine.support.hierarchical.SameThreadHierarchicalTestExecutorService.invokeAll(SameThreadHierarchicalTestExecutorService.java:41)\r\n\tat org.junit.platform.engine.support.hierarchical.NodeTestTask.lambda$executeRecursively$6(NodeTestTask.java:155)\r\n\tat org.junit.platform.engine.support.hierarchical.ThrowableCollector.execute(ThrowableCollector.java:73)\r\n\tat org.junit.platform.engine.support.hierarchical.NodeTestTask.lambda$executeRecursively$8(NodeTestTask.java:141)\r\n\tat org.junit.platform.engine.support.hierarchical.Node.around(Node.java:137)\r\n\tat org.junit.platform.engine.support.hierarchical.NodeTestTask.lambda$executeRecursively$9(NodeTestTask.java:139)\r\n\tat org.junit.platform.engine.support.hierarchical.ThrowableCollector.execute(ThrowableCollector.java:73)\r\n\tat org.junit.platform.engine.support.hierarchical.NodeTestTask.executeRecursively(NodeTestTask.java:138)\r\n\tat org.junit.platform.engine.support.hierarchical.NodeTestTask.execute(NodeTestTask.java:95)\r\n\tat org.junit.platform.engine.support.hierarchical.SameThreadHierarchicalTestExecutorService.submit(SameThreadHierarchicalTestExecutorService.java:35)\r\n\tat org.junit.platform.engine.support.hierarchical.HierarchicalTestExecutor.execute(HierarchicalTestExecutor.java:57)\r\n\tat org.junit.platform.engine.support.hierarchical.HierarchicalTestEngine.execute(HierarchicalTestEngine.java:54)\r\n\tat org.junit.platform.launcher.core.EngineExecutionOrchestrator.execute(EngineExecutionOrchestrator.java:198)\r\n\tat org.junit.platform.launcher.core.EngineExecutionOrchestrator.execute(EngineExecutionOrchestrator.java:169)\r\n\tat org.junit.platform.launcher.core.EngineExecutionOrchestrator.execute(EngineExecutionOrchestrator.java:93)\r\n\tat org.junit.platform.launcher.core.EngineExecutionOrchestrator.lambda$execute$0(EngineExecutionOrchestrator.java:58)\r\n\tat org.junit.platform.launcher.core.EngineExecutionOrchestrator.withInterceptedStreams(EngineExecutionOrchestrator.java:141)\r\n\tat org.junit.platform.launcher.core.EngineExecutionOrchestrator.execute(EngineExecutionOrchestrator.java:57)\r\n\tat org.junit.platform.launcher.core.DefaultLauncher.execute(DefaultLauncher.java:103)\r\n\tat org.junit.platform.launcher.core.DefaultLauncher.execute(DefaultLauncher.java:85)\r\n\tat org.junit.platform.launcher.core.DelegatingLauncher.execute(DelegatingLauncher.java:47)\r\n\tat org.apache.maven.surefire.junitplatform.LazyLauncher.execute(LazyLauncher.java:56)\r\n\tat org.apache.maven.surefire.junitplatform.JUnitPlatformProvider.execute(JUnitPlatformProvider.java:184)\r\n\tat org.apache.maven.surefire.junitplatform.JUnitPlatformProvider.invokeAllTests(JUnitPlatformProvider.java:148)\r\n\tat org.apache.maven.surefire.junitplatform.JUnitPlatformProvider.invoke(JUnitPlatformProvider.java:122)\r\n\tat org.apache.maven.surefire.booter.ForkedBooter.runSuitesInProcess(ForkedBooter.java:385)\r\n\tat org.apache.maven.surefire.booter.ForkedBooter.execute(ForkedBooter.java:162)\r\n\tat org.apache.maven.surefire.booter.ForkedBooter.run(ForkedBooter.java:507)\r\n\tat org.apache.maven.surefire.booter.ForkedBooter.main(ForkedBooter.java:495)\r\nCaused by: io.jsonwebtoken.io.DeserializationException: Unable to deserialize: Unexpected character ('?' (code 65533 / 0xfffd)): expected a valid value (JSON String, Number, Array, Object or token 'null', 'true' or 'false')\n at [Source: (InputStreamReader); line: 1, column: 2]\r\n\tat io.jsonwebtoken.io.AbstractDeserializer.deserialize(AbstractDeserializer.java:72)\r\n\tat io.jsonwebtoken.impl.io.JsonObjectDeserializer.apply(JsonObjectDeserializer.java:52)\r\n\t... 92 common frames omitted\r\nCaused by: com.fasterxml.jackson.core.JsonParseException: Unexpected character ('?' (code 65533 / 0xfffd)): expected a valid value (JSON String, Number, Array, Object or token 'null', 'true' or 'false')\n at [Source: (InputStreamReader); line: 1, column: 2]\r\n\tat com.fasterxml.jackson.core.JsonParser._constructError(JsonParser.java:2477)\r\n\tat com.fasterxml.jackson.core.base.ParserMinimalBase._reportError(ParserMinimalBase.java:750)\r\n\tat com.fasterxml.jackson.core.base.ParserMinimalBase._reportUnexpectedChar(ParserMinimalBase.java:674)\r\n\tat com.fasterxml.jackson.core.json.ReaderBasedJsonParser._handleOddValue(ReaderBasedJsonParser.java:2085)\r\n\tat com.fasterxml.jackson.core.json.ReaderBasedJsonParser.nextToken(ReaderBasedJsonParser.java:808)\r\n\tat com.fasterxml.jackson.databind.ObjectMapper._initForReading(ObjectMapper.java:4912)\r\n\tat com.fasterxml.jackson.databind.ObjectMapper._readMapAndClose(ObjectMapper.java:4818)\r\n\tat com.fasterxml.jackson.databind.ObjectMapper.readValue(ObjectMapper.java:3785)\r\n\tat io.jsonwebtoken.jackson.io.JacksonDeserializer.doDeserialize(JacksonDeserializer.java:104)\r\n\tat io.jsonwebtoken.io.AbstractDeserializer.deserialize(AbstractDeserializer.java:66)\r\n\t... 93 common frames omitted\r\n","service":"unknown","environment":"default"}
{"@timestamp":"2025-12-24T12:45:22.649+05:30","message":"Token validation failed","logger_name":"in.winvestco.user_service.service.JwtService","thread_name":"main","level":"ERROR","level_value":40000,"stack_trace":"io.jsonwebtoken.ExpiredJwtException: JWT expired 648 milliseconds ago at 2025-12-24T07:15:22.000Z. Current time: 2025-12-24T07:15:22.648Z. Allowed clock skew: 0 milliseconds.\r\n\tat io.jsonwebtoken.impl.DefaultJwtParser.parse(DefaultJwtParser.java:682)\r\n\tat io.jsonwebtoken.impl.DefaultJwtParser.parse(DefaultJwtParser.java:362)\r\n\tat io.jsonwebtoken.impl.DefaultJwtParser.parse(DefaultJwtParser.java:94)\r\n\tat io.jsonwebtoken.impl.io.AbstractParser.parse(AbstractParser.java:36)\r\n\tat io.jsonwebtoken.impl.io.AbstractParser.parse(AbstractParser.java:29)\r\n\tat io.jsonwebtoken.impl.DefaultJwtParser.parseSignedClaims(DefaultJwtParser.java:821)\r\n\tat in.winvestco.user_service.service.JwtService.extractAllClaims(JwtService.java:123)\r\n\tat in.winvestco.user_service.service.JwtService.extractClaim(JwtService.java:112)\r\n\tat in.winvestco.user_service.service.JwtService.extractExpiration(JwtService.java:105)\r\n\tat in.winvestco.user_service.service.JwtService.isTokenExpired(JwtService.java:131)\r\n\tat in.winvestco.user_service.service.JwtService.validateToken(JwtService.java:147)\r\n\tat in.winvestco.user_service.service.JwtServiceTest$TokenValidationTests.validateToken_WithExpiredToken_ShouldReturnFalse(JwtServiceTest.java:200)\r\n\tat java.base/jdk.internal.reflect.DirectMethodHandleAccessor.invoke(DirectMethodHandleAccessor.java:103)\r\n\tat java.base/java.lang.reflect.Method.invoke(Method.java:580)\r\n\tat org.junit.platform.commons.util.ReflectionUtils.invokeMethod(ReflectionUtils.java:728)\r\n\tat org.junit.jupiter.engine.execution.MethodInvocation.proceed(MethodInvocation.java:60)\r\n\tat org.junit.jupiter.engine.execution.InvocationInterceptorChain$ValidatingInvocation.proceed(InvocationInterceptorChain.java:131)\r\n\tat org.junit.jupiter.engine.extension.TimeoutExtension.intercept(TimeoutExtension.java:156)\r\n\tat org.junit.jupiter.engine.extension.TimeoutExtension.interceptTestableMethod(TimeoutExtension.java:147)\r\n\tat org.junit.jupiter.engine.extension.TimeoutExtension.interceptTestMethod(TimeoutExtension.java:86)\r\n\tat org.junit.jupiter.engine.execution.InterceptingExecutableInvoker$ReflectiveInterceptorCall.lambda$ofVoidMethod$0(InterceptingExecutableInvoker.java:103)\r\n\tat org.junit.jupiter.engine.execution.InterceptingExecutableInvoker.lambda$invoke$0(InterceptingExecutableInvoker.java:93)\r\n\tat org.junit.jupiter.engine.execution.InvocationInterceptorChain$InterceptedInvocation.proceed(InvocationInterceptorChain.java:106)\r\n\tat org.junit.jupiter.engine.execution.InvocationInterceptorChain.proceed(InvocationInterceptorChain.java:64)\r\n\tat org.junit.jupiter.engine.execution.InvocationInterceptorChain.chainAndInvoke(InvocationInterceptorChain.java:45)\r\n\tat org.junit.jupiter.engine.execution.InvocationInterceptorChain.invoke(InvocationInterceptorChain.java:37)\r\n\tat org.junit.jupiter.engine.execution.InterceptingExecutableInvoker.invoke(InterceptingExecutableInvoker.java:92)\r\n\tat org.junit.jupiter.engine.execution.InterceptingExecutableInvoker.invoke(InterceptingExecutableInvoker.java:86)\r\n\tat org.junit.jupiter.engine.descriptor.TestMethodTestDescriptor.lambda$invokeTestMethod$7(TestMethodTestDescriptor.java:218)\r\n\tat org.junit.platform.engine.support.hierarchical.ThrowableCollector.execute(ThrowableCollector.java:73)\r\n\tat org.junit.jupiter.engine.descriptor.TestMethodTestDescriptor.invokeTestMethod(TestMethodTestDescriptor.java:214)\r\n\tat org.junit.jupiter.engine.descriptor.TestMethodTestDescriptor.execute(TestMethodTestDescriptor.java:139)\r\n\tat org.junit.jupiter.engine.descriptor.TestMethodTestDescriptor.execute(TestMethodTestDescriptor.java:69)\r\n\tat org.junit.platform.engine.support.hierarchical.NodeTestTask.lambda$executeRecursively$6(NodeTestTask.java:151)\r\n\tat org.junit.platform.engine.support.hierarchical.ThrowableCollector.execute(ThrowableCollector.java:73)\r\n\tat org.junit.platform.engine.support.hierarchical.NodeTestTask.lambda$executeRecursively$8(NodeTestTask.java:141)\r\n\tat org.junit.platform.engine.support.hierarchical.Node.around(Node.java:137)\r\n\tat org.junit.platform.engine.support.hierarchical.NodeTestTask.lambda$executeRecursively$9(NodeTestTask.java:139)\r\n\tat org.junit.platform.engine.support.hierarchical.ThrowableCollector.execute(ThrowableCollector.java:73)\r\n\tat org.junit.platform.engine.support.hierarchical.NodeTestTask.executeRecursively(NodeTestTask.java:138)\r\n\tat org.junit.platform.engine.support.hierarchical.NodeTestTask.execute(NodeTestTask.java:95)\r\n\tat java.base/java.util.ArrayList.forEach(ArrayList.java:1596)\r\n\tat org.junit.platform.engine.support.hierarchical.SameThreadHierarchicalTestExecutorService.invokeAll(SameThreadHierarchicalTestExecutorService.java:41)\r\n\tat org.junit.platform.engine.support.hierarchical.NodeTestTask.lambda$executeRecursively$6(NodeTestTask.java:155)\r\n\tat org.junit.platform.engine.support.hierarchical.ThrowableCollector.execute(ThrowableCollector.java:73)\r\n\tat org.junit.platform.engine.support.hierarchical.NodeTestTask.lambda$executeRecursively$8(NodeTestTask.java:141)\r\n\tat org.junit.platform.engine.support.hierarchical.Node.around(Node.java:137)\r\n\tat org.junit.platform.engine.support.hierarchical.NodeTestTask.lambda$executeRecursively$9(NodeTestTask.java:139)\r\n\tat org.junit.platform.engine.support.hierarchical.ThrowableCollector.execute(ThrowableCollector.java:73)\r\n\tat org.junit.platform.engine.support.hierarchical.NodeTestTask.executeRecursively(NodeTestTask.java:138)\r\n\tat org.junit.platform.engine.support.hierarchical.NodeTestTask.execute(NodeTestTask.java:95)\r\n\tat java.base/java.util.ArrayList.forEach(ArrayList.java:1596)\r\n\tat org.junit.platform.engine.support.hierarchical.SameThreadHierarchicalTestExecutorService.invokeAll(SameThreadHierarchicalTestExecutorService.java:41)\r\n\tat org.junit.platform.engine.support.hierarchical.NodeTestTask.lambda$executeRecursively$6(NodeTestTask.java:155)\r\n\tat org.junit.platform.engine.support.hierarchical.ThrowableCollector.execute(ThrowableCollector.java:73)\r\n\tat org.junit.platform.engine.support.hierarchical.NodeTestTask.lambda$executeRecursively$8(NodeTestTask.java:141)\r\n\tat org.junit.platform.engine.support.hierarchical.Node.around(Node.java:137)\r\n\tat org.junit.platform.engine.support.hierarchical.NodeTestTask.lambda$executeRecursively$9(NodeTestTask.java:139)\r\n\tat org.junit.platform.engine.support.hierarchical.ThrowableCollector.execute(ThrowableCollector.java:73)\r\n\tat org.junit.platform.engine.support.hierarchical.NodeTestTask.executeRecursively(NodeTestTask.java:138)\r\n\tat org.junit.platform.engine.support.hierarchical.NodeTestTask.execute(NodeTestTask.java:95)\r\n\tat java.base/java.util.ArrayList.forEach(ArrayList.java:1596)\r\n\tat org.junit.platform.engine.support.hierarchical.SameThreadHierarchicalTestExecutorService.invokeAll(SameThreadHierarchicalTestExecutorService.java:41)\r\n\tat org.junit.platform.engine.support.hierarchical.NodeTestTask.lambda$executeRecursively$6(NodeTestTask.java:155)\r\n\tat org.junit.platform.engine.support.hierarchical.ThrowableCollector.execute(ThrowableCollector.java:73)\r\n\tat org.junit.platform.engine.support.hierarchical.NodeTestTask.lambda$executeRecursively$8(NodeTestTask.java:141)\r\n\tat org.junit.platform.engine.support.hierarchical.Node.around(Node.java:137)\r\n\tat org.junit.platform.engine.support.hierarchical.NodeTestTask.lambda$executeRecursively$9(NodeTestTask.java:139)\r\n\tat org.junit.platform.engine.support.hierarchical.ThrowableCollector.execute(ThrowableCollector.java:73)\r\n\tat org.junit.platform.engine.support.hierarchical.NodeTestTask.executeRecursively(NodeTestTask.java:138)\r\n\tat org.junit.platform.engine.support.hierarchical.NodeTestTask.execute(NodeTestTask.java:95)\r\n\tat org.junit.platform.engine.support.hierarchical.SameThreadHierarchicalTestExecutorService.submit(SameThreadHierarchicalTestExecutorService.java:35)\r\n\tat org.junit.platform.engine.support.hierarchical.HierarchicalTestExecutor.execute(HierarchicalTestExecutor.java:57)\r\n\tat org.junit.platform.engine.support.hierarchical.HierarchicalTestEngine.execute(HierarchicalTestEngine.java:54)\r\n\tat org.junit.platform.launcher.core.EngineExecutionOrchestrator.execute(EngineExecutionOrchestrator.java:198)\r\n\tat org.junit.platform.launcher.core.EngineExecutionOrchestrator.execute(EngineExecutionOrchestrator.java:169)\r\n\tat org.junit.platform.launcher.core.EngineExecutionOrchestrator.execute(EngineExecutionOrchestrator.java:93)\r\n\tat org.junit.platform.launcher.core.EngineExecutionOrchestrator.lambda$execute$0(EngineExecutionOrchestrator.java:58)\r\n\tat org.junit.platform.launcher.core.EngineExecutionOrchestrator.withInterceptedStreams(EngineExecutionOrchestrator.java:141)\r\n\tat org.junit.platform.launcher.core.EngineExecutionOrchestrator.execute(EngineExecutionOrchestrator.java:57)\r\n\tat org.junit.platform.launcher.core.DefaultLauncher.execute(DefaultLauncher.java:103)\r\n\tat org.junit.platform.launcher.core.DefaultLauncher.execute(DefaultLauncher.java:85)\r\n\tat org.junit.platform.launcher.core.DelegatingLauncher.execute(DelegatingLauncher.java:47)\r\n\tat org.apache.maven.surefire.junitplatform.LazyLauncher.execute(LazyLauncher.java:56)\r\n\tat org.apache.maven.surefire.junitplatform.JUnitPlatformProvider.execute(JUnitPlatformProvider.java:184)\r\n\tat org.apache.maven.surefire.junitplatform.JUnitPlatformProvider.invokeAllTests(JUnitPlatformProvider.java:148)\r\n\tat org.apache.maven.surefire.junitplatform.JUnitPlatformProvider.invoke(JUnitPlatformProvider.java:122)\r\n\tat org.apache.maven.surefire.booter.ForkedBooter.runSuitesInProcess(ForkedBooter.java:385)\r\n\tat org.apache.maven.surefire.booter.ForkedBooter.execute(ForkedBooter.java:162)\r\n\tat org.apache.maven.surefire.booter.ForkedBooter.run(ForkedBooter.java:507)\r\n\tat org.apache.maven.surefire.booter.ForkedBooter.main(ForkedBooter.java:495)\r\n","service":"unknown","environment":"default"}
[INFO] Tests run: 6, Failures: 0, Errors: 0, Skipped: 0, Time elapsed: 0.216 s -- in in.winvestco.user_service.service.JwtServiceTest$TokenValidationTests
[INFO] Running in.winvestco.user_service.service.JwtServiceTest$TokenExtractionTests
[INFO] Tests run: 5, Failures: 0, Errors: 0, Skipped: 0, Time elapsed: 0.018 s -- in in.winvestco.user_service.service.JwtServiceTest$TokenExtractionTests
[INFO] Running in.winvestco.user_service.service.JwtServiceTest$TokenGenerationTests
[INFO] Tests run: 4, Failures: 0, Errors: 0, Skipped: 0, Time elapsed: 0.015 s -- in in.winvestco.user_service.service.JwtServiceTest$TokenGenerationTests
[INFO] Tests run: 0, Failures: 0, Errors: 0, Skipped: 0, Time elapsed: 0.251 s -- in in.winvestco.user_service.service.JwtServiceTest
[INFO] Running in.winvestco.user_service.service.UserEventPublisherTest
[INFO] Running in.winvestco.user_service.service.UserEventPublisherTest$PublishUserLoginTests
[INFO] Tests run: 2, Failures: 0, Errors: 0, Skipped: 0, Time elapsed: 0.201 s -- in in.winvestco.user_service.service.UserEventPublisherTest$PublishUserLoginTests
[INFO] Running in.winvestco.user_service.service.UserEventPublisherTest$PublishUserPasswordChangedTests
[INFO] Tests run: 2, Failures: 0, Errors: 0, Skipped: 0, Time elapsed: 0.006 s -- in in.winvestco.user_service.service.UserEventPublisherTest$PublishUserPasswordChangedTests
[INFO] Running in.winvestco.user_service.service.UserEventPublisherTest$PublishUserRoleChangedTests
[INFO] Tests run: 2, Failures: 0, Errors: 0, Skipped: 0, Time elapsed: 0.008 s -- in in.winvestco.user_service.service.UserEventPublisherTest$PublishUserRoleChangedTests
[INFO] Running in.winvestco.user_service.service.UserEventPublisherTest$PublishUserStatusChangedTests
[INFO] Tests run: 2, Failures: 0, Errors: 0, Skipped: 0, Time elapsed: 0.005 s -- in in.winvestco.user_service.service.UserEventPublisherTest$PublishUserStatusChangedTests
[INFO] Running in.winvestco.user_service.service.UserEventPublisherTest$PublishUserUpdatedTests
[INFO] Tests run: 2, Failures: 0, Errors: 0, Skipped: 0, Time elapsed: 0.005 s -- in in.winvestco.user_service.service.UserEventPublisherTest$PublishUserUpdatedTests
[INFO] Running in.winvestco.user_service.service.UserEventPublisherTest$PublishUserCreatedTests
[INFO] Tests run: 2, Failures: 0, Errors: 0, Skipped: 0, Time elapsed: 0.008 s -- in in.winvestco.user_service.service.UserEventPublisherTest$PublishUserCreatedTests
[INFO] Tests run: 0, Failures: 0, Errors: 0, Skipped: 0, Time elapsed: 0.235 s -- in in.winvestco.user_service.service.UserEventPublisherTest
[INFO] Running in.winvestco.user_service.service.UserServiceTest
[INFO] Running in.winvestco.user_service.service.UserServiceTest$LoginAndContextOperationsTests
[INFO] Tests run: 2, Failures: 0, Errors: 0, Skipped: 0, Time elapsed: 0.107 s -- in in.winvestco.user_service.service.UserServiceTest$LoginAndContextOperationsTests
[INFO] Running in.winvestco.user_service.service.UserServiceTest$DeleteOperationsTests
[INFO] Tests run: 2, Failures: 0, Errors: 0, Skipped: 0, Time elapsed: 0.009 s -- in in.winvestco.user_service.service.UserServiceTest$DeleteOperationsTests
[INFO] Running in.winvestco.user_service.service.UserServiceTest$PasswordOperationsTests
[INFO] Tests run: 2, Failures: 0, Errors: 0, Skipped: 0, Time elapsed: 0.008 s -- in in.winvestco.user_service.service.UserServiceTest$PasswordOperationsTests
[INFO] Running in.winvestco.user_service.service.UserServiceTest$UpdateOperationsTests
[INFO] Tests run: 5, Failures: 0, Errors: 0, Skipped: 0, Time elapsed: 0.016 s -- in in.winvestco.user_service.service.UserServiceTest$UpdateOperationsTests
[INFO] Running in.winvestco.user_service.service.UserServiceTest$RegisterOperationsTests
[INFO] Tests run: 2, Failures: 0, Errors: 0, Skipped: 0, Time elapsed: 0.007 s -- in in.winvestco.user_service.service.UserServiceTest$RegisterOperationsTests
[INFO] Running in.winvestco.user_service.service.UserServiceTest$FindOperationsTests
[INFO] Tests run: 8, Failures: 0, Errors: 0, Skipped: 0, Time elapsed: 0.022 s -- in in.winvestco.user_service.service.UserServiceTest$FindOperationsTests
[INFO] Tests run: 0, Failures: 0, Errors: 0, Skipped: 0, Time elapsed: 0.173 s -- in in.winvestco.user_service.service.UserServiceTest
[INFO] Running in.winvestco.user_service.UserServiceApplicationTests
12:45:23,181 |-INFO in ch.qos.logback.core.joran.spi.ConfigurationWatchList@4f6db8be - URL [jar:file:/C:/Users/Sharad%20Gupta/.m2/repository/in/winvestco/common/1.0.0/common-1.0.0.jar!/logback-spring.xml] is not of type file
12:45:23,186 |-INFO in ch.qos.logback.core.joran.util.ConfigurationWatchListUtil@698c19ef - Adding [jar:file:/C:/Users/Sharad%20Gupta/.m2/repository/org/springframework/boot/spring-boot/3.2.0/spring-boot-3.2.0.jar!/org/springframework/boot/logging/logback/defaults.xml] to configuration watch list.
12:45:23,186 |-INFO in ch.qos.logback.core.joran.spi.ConfigurationWatchList@4f6db8be - URL [jar:file:/C:/Users/Sharad%20Gupta/.m2/repository/org/springframework/boot/spring-boot/3.2.0/spring-boot-3.2.0.jar!/org/springframework/boot/logging/logback/defaults.xml] is not of type file
12:45:23,187 |-INFO in ch.qos.logback.core.joran.action.ConversionRuleAction - registering conversion word clr with class [org.springframework.boot.logging.logback.ColorConverter]
12:45:23,187 |-INFO in ch.qos.logback.core.joran.action.ConversionRuleAction - registering conversion word correlationId with class [org.springframework.boot.logging.logback.CorrelationIdConverter]
12:45:23,187 |-INFO in ch.qos.logback.core.joran.action.ConversionRuleAction - registering conversion word wex with class [org.springframework.boot.logging.logback.WhitespaceThrowableProxyConverter]
12:45:23,187 |-INFO in ch.qos.logback.core.joran.action.ConversionRuleAction - registering conversion word wEx with class [org.springframework.boot.logging.logback.ExtendedWhitespaceThrowableProxyConverter]
12:45:23,190 |-WARN in org.springframework.boot.logging.logback.SpringProfileIfNestedWithinSecondPhaseElementSanityChecker@3335ff94 - <springProfile> elements cannot be nested within an <appender>, <logger> or <root> element
12:45:23,190 |-WARN in org.springframework.boot.logging.logback.SpringProfileIfNestedWithinSecondPhaseElementSanityChecker@3335ff94 - Element <appender> at line 12 contains a nested <springProfile> element at line 14
12:45:23,190 |-WARN in org.springframework.boot.logging.logback.SpringProfileIfNestedWithinSecondPhaseElementSanityChecker@3335ff94 - Element <appender> at line 12 contains a nested <springProfile> element at line 22
12:45:23,190 |-INFO in ch.qos.logback.classic.model.processor.LoggerModelHandler - Setting level of logger [org.apache.catalina.startup.DigesterFactory] to ERROR
12:45:23,190 |-INFO in ch.qos.logback.classic.jul.LevelChangePropagator@627903e0 - Propagating ERROR level on Logger[org.apache.catalina.startup.DigesterFactory] onto the JUL framework
12:45:23,190 |-INFO in ch.qos.logback.classic.model.processor.LoggerModelHandler - Setting level of logger [org.apache.catalina.util.LifecycleBase] to ERROR
12:45:23,190 |-INFO in ch.qos.logback.classic.jul.LevelChangePropagator@627903e0 - Propagating ERROR level on Logger[org.apache.catalina.util.LifecycleBase] onto the JUL framework
12:45:23,190 |-INFO in ch.qos.logback.classic.model.processor.LoggerModelHandler - Setting level of logger [org.apache.coyote.http11.Http11NioProtocol] to WARN
12:45:23,190 |-INFO in ch.qos.logback.classic.jul.LevelChangePropagator@627903e0 - Propagating WARN level on Logger[org.apache.coyote.http11.Http11NioProtocol] onto the JUL framework
12:45:23,190 |-INFO in ch.qos.logback.classic.model.processor.LoggerModelHandler - Setting level of logger [org.apache.sshd.common.util.SecurityUtils] to WARN
12:45:23,190 |-INFO in ch.qos.logback.classic.jul.LevelChangePropagator@627903e0 - Propagating WARN level on Logger[org.apache.sshd.common.util.SecurityUtils] onto the JUL framework
12:45:23,190 |-INFO in ch.qos.logback.classic.model.processor.LoggerModelHandler - Setting level of logger [org.apache.tomcat.util.net.NioSelectorPool] to WARN
12:45:23,190 |-INFO in ch.qos.logback.classic.jul.LevelChangePropagator@627903e0 - Propagating WARN level on Logger[org.apache.tomcat.util.net.NioSelectorPool] onto the JUL framework
12:45:23,190 |-INFO in ch.qos.logback.classic.model.processor.LoggerModelHandler - Setting level of logger [org.eclipse.jetty.util.component.AbstractLifeCycle] to ERROR
12:45:23,190 |-INFO in ch.qos.logback.classic.jul.LevelChangePropagator@627903e0 - Propagating ERROR level on Logger[org.eclipse.jetty.util.component.AbstractLifeCycle] onto the JUL framework
12:45:23,190 |-INFO in ch.qos.logback.classic.model.processor.LoggerModelHandler - Setting level of logger [org.hibernate.validator.internal.util.Version] to WARN
12:45:23,190 |-INFO in ch.qos.logback.classic.jul.LevelChangePropagator@627903e0 - Propagating WARN level on Logger[org.hibernate.validator.internal.util.Version] onto the JUL framework
12:45:23,190 |-INFO in ch.qos.logback.classic.model.processor.LoggerModelHandler - Setting level of logger [org.springframework.boot.actuate.endpoint.jmx] to WARN
12:45:23,190 |-INFO in ch.qos.logback.classic.jul.LevelChangePropagator@627903e0 - Propagating WARN level on Logger[org.springframework.boot.actuate.endpoint.jmx] onto the JUL framework
12:45:23,190 |-INFO in ch.qos.logback.core.model.processor.AppenderModelHandler - Processing appender named [CONSOLE]
12:45:23,190 |-INFO in ch.qos.logback.core.model.processor.AppenderModelHandler - About to instantiate appender of type [ch.qos.logback.core.ConsoleAppender]
12:45:23,191 |-INFO in ch.qos.logback.core.model.processor.ImplicitModelHandler - Assuming default type [net.logstash.logback.fieldnames.LogstashFieldNames] for [fieldNames] property
12:45:23,193 |-INFO in ch.qos.logback.core.model.processor.AppenderModelHandler - Processing appender named [FILE]
12:45:23,193 |-INFO in ch.qos.logback.core.model.processor.AppenderModelHandler - About to instantiate appender of type [ch.qos.logback.core.rolling.RollingFileAppender]
12:45:23,193 |-INFO in ch.qos.logback.core.model.processor.ImplicitModelHandler - Assuming default type [net.logstash.logback.fieldnames.LogstashFieldNames] for [fieldNames] property
12:45:23,195 |-INFO in c.q.l.core.rolling.SizeAndTimeBasedRollingPolicy@2000419892 - setting totalSizeCap to 1 GB
12:45:23,195 |-INFO in c.q.l.core.rolling.SizeAndTimeBasedRollingPolicy@2000419892 - Archive files will be limited to [10 MB] each.
12:45:23,195 |-INFO in c.q.l.core.rolling.SizeAndTimeBasedRollingPolicy@2000419892 - Will use gz compression
12:45:23,195 |-INFO in c.q.l.core.rolling.SizeAndTimeBasedRollingPolicy@2000419892 - Will use the pattern logs/application.log.%d{yyyy-MM-dd}.%i for the active file
12:45:23,195 |-INFO in ch.qos.logback.core.rolling.SizeAndTimeBasedFNATP@55310225 - The date pattern is 'yyyy-MM-dd' from file name pattern 'logs/application.log.%d{yyyy-MM-dd}.%i.gz'.
12:45:23,195 |-INFO in ch.qos.logback.core.rolling.SizeAndTimeBasedFNATP@55310225 - Roll-over at midnight.
12:45:23,195 |-INFO in ch.qos.logback.core.rolling.SizeAndTimeBasedFNATP@55310225 - Setting initial period to 2025-12-24T07:15:22.651Z
12:45:23,196 |-INFO in ch.qos.logback.core.rolling.RollingFileAppender[FILE] - Active log file name: logs/application.log
12:45:23,196 |-INFO in ch.qos.logback.core.rolling.RollingFileAppender[FILE] - File property is set to [logs/application.log]
12:45:23,196 |-INFO in ch.qos.logback.core.model.processor.AppenderModelHandler - Processing appender named [ERROR_FILE]
12:45:23,196 |-INFO in ch.qos.logback.core.model.processor.AppenderModelHandler - About to instantiate appender of type [ch.qos.logback.core.rolling.RollingFileAppender]
12:45:23,196 |-INFO in ch.qos.logback.core.model.processor.ImplicitModelHandler - Assuming default type [net.logstash.logback.fieldnames.LogstashFieldNames] for [fieldNames] property
12:45:23,198 |-INFO in c.q.l.core.rolling.SizeAndTimeBasedRollingPolicy@1231330888 - setting totalSizeCap to 500 MB
12:45:23,198 |-INFO in c.q.l.core.rolling.SizeAndTimeBasedRollingPolicy@1231330888 - Archive files will be limited to [10 MB] each.
12:45:23,198 |-INFO in c.q.l.core.rolling.SizeAndTimeBasedRollingPolicy@1231330888 - Will use gz compression
12:45:23,198 |-INFO in c.q.l.core.rolling.SizeAndTimeBasedRollingPolicy@1231330888 - Will use the pattern logs/application.log-error.%d{yyyy-MM-dd}.%i for the active file
12:45:23,198 |-INFO in ch.qos.logback.core.rolling.SizeAndTimeBasedFNATP@63a8e287 - The date pattern is 'yyyy-MM-dd' from file name pattern 'logs/application.log-error.%d{yyyy-MM-dd}.%i.gz'.
12:45:23,198 |-INFO in ch.qos.logback.core.rolling.SizeAndTimeBasedFNATP@63a8e287 - Roll-over at midnight.
12:45:23,198 |-INFO in ch.qos.logback.core.rolling.SizeAndTimeBasedFNATP@63a8e287 - Setting initial period to 2025-12-24T07:15:22.652Z
12:45:23,198 |-INFO in ch.qos.logback.core.rolling.RollingFileAppender[ERROR_FILE] - Active log file name: logs/application.log-error.log
12:45:23,198 |-INFO in ch.qos.logback.core.rolling.RollingFileAppender[ERROR_FILE] - File property is set to [logs/application.log-error.log]
12:45:23,198 |-INFO in ch.qos.logback.core.model.processor.AppenderModelHandler - Processing appender named [AUDIT_FILE]
12:45:23,198 |-INFO in ch.qos.logback.core.model.processor.AppenderModelHandler - About to instantiate appender of type [ch.qos.logback.core.rolling.RollingFileAppender]
12:45:23,200 |-INFO in ch.qos.logback.core.model.processor.ImplicitModelHandler - Assuming default type [net.logstash.logback.fieldnames.LogstashFieldNames] for [fieldNames] property
12:45:23,202 |-INFO in c.q.l.core.rolling.SizeAndTimeBasedRollingPolicy@1264216218 - setting totalSizeCap to 1 GB
12:45:23,202 |-INFO in c.q.l.core.rolling.SizeAndTimeBasedRollingPolicy@1264216218 - Archive files will be limited to [10 MB] each.
12:45:23,202 |-INFO in c.q.l.core.rolling.SizeAndTimeBasedRollingPolicy@1264216218 - Will use gz compression
12:45:23,202 |-INFO in c.q.l.core.rolling.SizeAndTimeBasedRollingPolicy@1264216218 - Will use the pattern logs/application.log-audit.%d{yyyy-MM-dd}.%i for the active file
12:45:23,202 |-INFO in ch.qos.logback.core.rolling.SizeAndTimeBasedFNATP@16a76bfe - The date pattern is 'yyyy-MM-dd' from file name pattern 'logs/application.log-audit.%d{yyyy-MM-dd}.%i.gz'.
12:45:23,202 |-INFO in ch.qos.logback.core.rolling.SizeAndTimeBasedFNATP@16a76bfe - Roll-over at midnight.
12:45:23,203 |-INFO in ch.qos.logback.core.rolling.SizeAndTimeBasedFNATP@16a76bfe - Setting initial period to 2025-12-24T06:55:53.588Z
12:45:23,203 |-INFO in ch.qos.logback.core.rolling.RollingFileAppender[AUDIT_FILE] - Active log file name: logs/application.log-audit.log
12:45:23,203 |-INFO in ch.qos.logback.core.rolling.RollingFileAppender[AUDIT_FILE] - File property is set to [logs/application.log-audit.log]
12:45:23,203 |-INFO in ch.qos.logback.classic.model.processor.RootLoggerModelHandler - Setting level of ROOT logger to INFO
12:45:23,204 |-INFO in ch.qos.logback.classic.jul.LevelChangePropagator@627903e0 - Propagating INFO level on Logger[ROOT] onto the JUL framework
12:45:23,204 |-INFO in ch.qos.logback.core.model.processor.AppenderRefModelHandler - Attaching appender named [CONSOLE] to Logger[ROOT]
12:45:23,204 |-INFO in ch.qos.logback.core.model.processor.AppenderRefModelHandler - Attaching appender named [FILE] to Logger[ROOT]
12:45:23,204 |-INFO in ch.qos.logback.core.model.processor.AppenderRefModelHandler - Attaching appender named [ERROR_FILE] to Logger[ROOT]
12:45:23,204 |-INFO in ch.qos.logback.classic.model.processor.LoggerModelHandler - Setting level of logger [in.winvestco] to DEBUG
12:45:23,204 |-INFO in ch.qos.logback.classic.jul.LevelChangePropagator@627903e0 - Propagating DEBUG level on Logger[in.winvestco] onto the JUL framework
12:45:23,204 |-INFO in ch.qos.logback.classic.model.processor.LoggerModelHandler - Setting additivity of logger [in.winvestco] to false
12:45:23,204 |-INFO in ch.qos.logback.core.model.processor.AppenderRefModelHandler - Attaching appender named [CONSOLE] to Logger[in.winvestco]
12:45:23,204 |-INFO in ch.qos.logback.core.model.processor.AppenderRefModelHandler - Attaching appender named [FILE] to Logger[in.winvestco]
12:45:23,204 |-INFO in ch.qos.logback.core.model.processor.AppenderRefModelHandler - Attaching appender named [ERROR_FILE] to Logger[in.winvestco]
12:45:23,204 |-INFO in ch.qos.logback.classic.model.processor.LoggerModelHandler - Setting level of logger [org.springframework.security] to INFO
12:45:23,204 |-INFO in ch.qos.logback.classic.jul.LevelChangePropagator@627903e0 - Propagating INFO level on Logger[org.springframework.security] onto the JUL framework
12:45:23,204 |-INFO in ch.qos.logback.classic.model.processor.LoggerModelHandler - Setting additivity of logger [org.springframework.security] to false
12:45:23,204 |-INFO in ch.qos.logback.core.model.processor.AppenderRefModelHandler - Attaching appender named [CONSOLE] to Logger[org.springframework.security]
12:45:23,204 |-INFO in ch.qos.logback.core.model.processor.AppenderRefModelHandler - Attaching appender named [FILE] to Logger[org.springframework.security]
12:45:23,204 |-INFO in ch.qos.logback.core.model.processor.AppenderRefModelHandler - Attaching appender named [ERROR_FILE] to Logger[org.springframework.security]
12:45:23,204 |-INFO in ch.qos.logback.classic.model.processor.LoggerModelHandler - Setting level of logger [org.hibernate.SQL] to DEBUG
12:45:23,204 |-INFO in ch.qos.logback.classic.jul.LevelChangePropagator@627903e0 - Propagating DEBUG level on Logger[org.hibernate.SQL] onto the JUL framework
12:45:23,204 |-INFO in ch.qos.logback.classic.model.processor.LoggerModelHandler - Setting additivity of logger [org.hibernate.SQL] to false
12:45:23,204 |-INFO in ch.qos.logback.core.model.processor.AppenderRefModelHandler - Attaching appender named [CONSOLE] to Logger[org.hibernate.SQL]
12:45:23,204 |-INFO in ch.qos.logback.core.model.processor.AppenderRefModelHandler - Attaching appender named [FILE] to Logger[org.hibernate.SQL]
12:45:23,204 |-INFO in ch.qos.logback.classic.model.processor.LoggerModelHandler - Setting level of logger [org.hibernate.type.descriptor.sql.BasicBinder] to TRACE
12:45:23,204 |-INFO in ch.qos.logback.classic.jul.LevelChangePropagator@627903e0 - Propagating TRACE level on Logger[org.hibernate.type.descriptor.sql.BasicBinder] onto the JUL framework
12:45:23,204 |-INFO in ch.qos.logback.classic.model.processor.LoggerModelHandler - Setting additivity of logger [org.hibernate.type.descriptor.sql.BasicBinder] to false
12:45:23,204 |-INFO in ch.qos.logback.core.model.processor.AppenderRefModelHandler - Attaching appender named [CONSOLE] to Logger[org.hibernate.type.descriptor.sql.BasicBinder]
12:45:23,204 |-INFO in ch.qos.logback.core.model.processor.AppenderRefModelHandler - Attaching appender named [FILE] to Logger[org.hibernate.type.descriptor.sql.BasicBinder]
12:45:23,204 |-INFO in ch.qos.logback.classic.model.processor.LoggerModelHandler - Setting level of logger [AUDIT] to INFO
12:45:23,204 |-INFO in ch.qos.logback.classic.jul.LevelChangePropagator@627903e0 - Propagating INFO level on Logger[AUDIT] onto the JUL framework
12:45:23,204 |-INFO in ch.qos.logback.classic.model.processor.LoggerModelHandler - Setting additivity of logger [AUDIT] to false
12:45:23,204 |-INFO in ch.qos.logback.core.model.processor.AppenderRefModelHandler - Attaching appender named [AUDIT_FILE] to Logger[AUDIT]
12:45:23,204 |-INFO in ch.qos.logback.core.model.processor.DefaultProcessor@7bdc31bc - End of configuration.
12:45:23,204 |-INFO in org.springframework.boot.logging.logback.SpringBootJoranConfigurator@5f44589a - Registering current configuration as safe fallback point


??      ?? ?? ???    ?? ??    ?? ??????? ??????? ????????  ??????   ?????? 
??      ?? ?? ????   ?? ??    ?? ??      ??         ??    ??    ?? ??    ??
??  ??  ?? ?? ?? ??  ?? ??    ?? ?????   ???????    ??    ??       ??    ??
??  ??  ?? ?? ??  ?? ??  ??  ??  ??           ??    ??    ??    ?? ??    ??
 ????????  ?? ??   ????   ????   ??????? ???????    ??     ??????   ??????

   :: TradingApp :  : Copyright (c) 2025 WinvestCo Pvt Ltd. ::


{"@timestamp":"2025-12-24T12:45:23.216+05:30","message":"Starting UserServiceApplicationTests using Java 21.0.6 with PID 10192 (started by Sharad Gupta in D:\\winvestco-trading-platform\\backend\\user-service)","logger_name":"in.winvestco.user_service.UserServiceApplicationTests","thread_name":"main","level":"INFO","level_value":20000,"service":"unknown","environment":"default"}
{"@timestamp":"2025-12-24T12:45:23.218+05:30","message":"Running with Spring Boot v3.2.0, Spring v6.1.1","logger_name":"in.winvestco.user_service.UserServiceApplicationTests","thread_name":"main","level":"DEBUG","level_value":10000,"service":"unknown","environment":"default"}
{"@timestamp":"2025-12-24T12:45:23.219+05:30","message":"The following 1 profile is active: \"test\"","logger_name":"in.winvestco.user_service.UserServiceApplicationTests","thread_name":"main","level":"INFO","level_value":20000,"service":"unknown","environment":"default"}
{"@timestamp":"2025-12-24T12:45:26.210+05:30","message":"Bean 'org.springframework.cloud.client.loadbalancer.LoadBalancerAutoConfiguration$RetryInterceptorAutoConfiguration' of type [org.springframework.cloud.client.loadbalancer.LoadBalancerAutoConfiguration$RetryInterceptorAutoConfiguration] is not eligible for getting processed by all BeanPostProcessors (for example: not eligible for auto-proxying). The currently created BeanPostProcessor [lbRestClientPostProcessor] is declared through a non-static factory method on that class; consider declaring it as static instead.","logger_name":"org.springframework.context.support.PostProcessorRegistrationDelegate$BeanPostProcessorChecker","thread_name":"main","level":"WARN","level_value":30000,"service":"unknown","environment":"default"}
{"@timestamp":"2025-12-24T12:45:26.218+05:30","message":"Bean 'org.springframework.cloud.loadbalancer.config.BlockingLoadBalancerClientAutoConfiguration' of type [org.springframework.cloud.loadbalancer.config.BlockingLoadBalancerClientAutoConfiguration] is not eligible for getting processed by all BeanPostProcessors (for example: not eligible for auto-proxying). Is this bean getting eagerly injected into a currently created BeanPostProcessor [lbRestClientPostProcessor]? Check the corresponding BeanPostProcessor declaration and its dependencies.","logger_name":"org.springframework.context.support.PostProcessorRegistrationDelegate$BeanPostProcessorChecker","thread_name":"main","level":"WARN","level_value":30000,"service":"unknown","environment":"default"}
{"@timestamp":"2025-12-24T12:45:26.222+05:30","message":"Bean 'org.springframework.cloud.loadbalancer.config.LoadBalancerAutoConfiguration' of type [org.springframework.cloud.loadbalancer.config.LoadBalancerAutoConfiguration] is not eligible for getting processed by all BeanPostProcessors (for example: not eligible for auto-proxying). Is this bean getting eagerly injected into a currently created BeanPostProcessor [lbRestClientPostProcessor]? Check the corresponding BeanPostProcessor declaration and its dependencies.","logger_name":"org.springframework.context.support.PostProcessorRegistrationDelegate$BeanPostProcessorChecker","thread_name":"main","level":"WARN","level_value":30000,"service":"unknown","environment":"default"}
{"@timestamp":"2025-12-24T12:45:26.238+05:30","message":"Bean 'org.springframework.cloud.commons.config.CommonsConfigAutoConfiguration' of type [org.springframework.cloud.commons.config.CommonsConfigAutoConfiguration] is not eligible for getting processed by all BeanPostProcessors (for example: not eligible for auto-proxying). Is this bean getting eagerly injected into a currently created BeanPostProcessor [lbRestClientPostProcessor]? Check the corresponding BeanPostProcessor declaration and its dependencies.","logger_name":"org.springframework.context.support.PostProcessorRegistrationDelegate$BeanPostProcessorChecker","thread_name":"main","level":"WARN","level_value":30000,"service":"unknown","environment":"default"}
{"@timestamp":"2025-12-24T12:45:26.242+05:30","message":"Bean 'org.springframework.cloud.client.loadbalancer.LoadBalancerDefaultMappingsProviderAutoConfiguration' of type [org.springframework.cloud.client.loadbalancer.LoadBalancerDefaultMappingsProviderAutoConfiguration] is not eligible for getting processed by all BeanPostProcessors (for example: not eligible for auto-proxying). Is this bean getting eagerly injected into a currently created BeanPostProcessor [lbRestClientPostProcessor]? Check the corresponding BeanPostProcessor declaration and its dependencies.","logger_name":"org.springframework.context.support.PostProcessorRegistrationDelegate$BeanPostProcessorChecker","thread_name":"main","level":"WARN","level_value":30000,"service":"unknown","environment":"default"}
{"@timestamp":"2025-12-24T12:45:26.246+05:30","message":"Bean 'loadBalancerClientsDefaultsMappingsProvider' of type [org.springframework.cloud.client.loadbalancer.LoadBalancerDefaultMappingsProviderAutoConfiguration$$Lambda/0x000001c0ddd0d978] is not eligible for getting processed by all BeanPostProcessors (for example: not eligible for auto-proxying). Is this bean getting eagerly injected into a currently created BeanPostProcessor [lbRestClientPostProcessor]? Check the corresponding BeanPostProcessor declaration and its dependencies.","logger_name":"org.springframework.context.support.PostProcessorRegistrationDelegate$BeanPostProcessorChecker","thread_name":"main","level":"WARN","level_value":30000,"service":"unknown","environment":"default"}
{"@timestamp":"2025-12-24T12:45:26.254+05:30","message":"Bean 'defaultsBindHandlerAdvisor' of type [org.springframework.cloud.commons.config.DefaultsBindHandlerAdvisor] is not eligible for getting processed by all BeanPostProcessors (for example: not eligible for auto-proxying). Is this bean getting eagerly injected into a currently created BeanPostProcessor [lbRestClientPostProcessor]? Check the corresponding BeanPostProcessor declaration and its dependencies.","logger_name":"org.springframework.context.support.PostProcessorRegistrationDelegate$BeanPostProcessorChecker","thread_name":"main","level":"WARN","level_value":30000,"service":"unknown","environment":"default"}
{"@timestamp":"2025-12-24T12:45:26.259+05:30","message":"Bean 'org.springframework.boot.autoconfigure.flyway.FlywayAutoConfiguration' of type [org.springframework.boot.autoconfigure.flyway.FlywayAutoConfiguration] is not eligible for getting processed by all BeanPostProcessors (for example: not eligible for auto-proxying). Is this bean getting eagerly injected into a currently created BeanPostProcessor [lbRestClientPostProcessor]? Check the corresponding BeanPostProcessor declaration and its dependencies.","logger_name":"org.springframework.context.support.PostProcessorRegistrationDelegate$BeanPostProcessorChecker","thread_name":"main","level":"WARN","level_value":30000,"service":"unknown","environment":"default"}
{"@timestamp":"2025-12-24T12:45:26.264+05:30","message":"Bean 'stringOrNumberMigrationVersionConverter' of type [org.springframework.boot.autoconfigure.flyway.FlywayAutoConfiguration$StringOrNumberToMigrationVersionConverter] is not eligible for getting processed by all BeanPostProcessors (for example: not eligible for auto-proxying). Is this bean getting eagerly injected into a currently created BeanPostProcessor [lbRestClientPostProcessor]? Check the corresponding BeanPostProcessor declaration and its dependencies.","logger_name":"org.springframework.context.support.PostProcessorRegistrationDelegate$BeanPostProcessorChecker","thread_name":"main","level":"WARN","level_value":30000,"service":"unknown","environment":"default"}
{"@timestamp":"2025-12-24T12:45:26.273+05:30","message":"Bean 'spring.cloud.loadbalancer-org.springframework.cloud.client.loadbalancer.LoadBalancerClientsProperties' of type [org.springframework.cloud.client.loadbalancer.LoadBalancerClientsProperties] is not eligible for getting processed by all BeanPostProcessors (for example: not eligible for auto-proxying). Is this bean getting eagerly injected into a currently created BeanPostProcessor [lbRestClientPostProcessor]? Check the corresponding BeanPostProcessor declaration and its dependencies.","logger_name":"org.springframework.context.support.PostProcessorRegistrationDelegate$BeanPostProcessorChecker","thread_name":"main","level":"WARN","level_value":30000,"service":"unknown","environment":"default"}
{"@timestamp":"2025-12-24T12:45:26.282+05:30","message":"Bean 'default.org.springframework.cloud.loadbalancer.config.LoadBalancerAutoConfiguration.LoadBalancerClientSpecification' of type [org.springframework.cloud.loadbalancer.annotation.LoadBalancerClientSpecification] is not eligible for getting processed by all BeanPostProcessors (for example: not eligible for auto-proxying). Is this bean getting eagerly injected into a currently created BeanPostProcessor [lbRestClientPostProcessor]? Check the corresponding BeanPostProcessor declaration and its dependencies.","logger_name":"org.springframework.context.support.PostProcessorRegistrationDelegate$BeanPostProcessorChecker","thread_name":"main","level":"WARN","level_value":30000,"service":"unknown","environment":"default"}
{"@timestamp":"2025-12-24T12:45:26.287+05:30","message":"Bean 'default.org.springframework.cloud.loadbalancer.config.BlockingLoadBalancerClientAutoConfiguration.LoadBalancerClientSpecification' of type [org.springframework.cloud.loadbalancer.annotation.LoadBalancerClientSpecification] is not eligible for getting processed by all BeanPostProcessors (for example: not eligible for auto-proxying). Is this bean getting eagerly injected into a currently created BeanPostProcessor [lbRestClientPostProcessor]? Check the corresponding BeanPostProcessor declaration and its dependencies.","logger_name":"org.springframework.context.support.PostProcessorRegistrationDelegate$BeanPostProcessorChecker","thread_name":"main","level":"WARN","level_value":30000,"service":"unknown","environment":"default"}
{"@timestamp":"2025-12-24T12:45:26.289+05:30","message":"Bean 'loadBalancerClientFactory' of type [org.springframework.cloud.loadbalancer.support.LoadBalancerClientFactory] is not eligible for getting processed by all BeanPostProcessors (for example: not eligible for auto-proxying). Is this bean getting eagerly injected into a currently created BeanPostProcessor [lbRestClientPostProcessor]? Check the corresponding BeanPostProcessor declaration and its dependencies.","logger_name":"org.springframework.context.support.PostProcessorRegistrationDelegate$BeanPostProcessorChecker","thread_name":"main","level":"WARN","level_value":30000,"service":"unknown","environment":"default"}
{"@timestamp":"2025-12-24T12:45:26.308+05:30","message":"Bean 'blockingLoadBalancerClient' of type [org.springframework.cloud.loadbalancer.blocking.client.BlockingLoadBalancerClient] is not eligible for getting processed by all BeanPostProcessors (for example: not eligible for auto-proxying). Is this bean getting eagerly injected into a currently created BeanPostProcessor [lbRestClientPostProcessor]? Check the corresponding BeanPostProcessor declaration and its dependencies.","logger_name":"org.springframework.context.support.PostProcessorRegistrationDelegate$BeanPostProcessorChecker","thread_name":"main","level":"WARN","level_value":30000,"service":"unknown","environment":"default"}
{"@timestamp":"2025-12-24T12:45:26.321+05:30","message":"Bean 'loadBalancerServiceInstanceCookieTransformer' of type [org.springframework.cloud.loadbalancer.core.LoadBalancerServiceInstanceCookieTransformer] is not eligible for getting processed by all BeanPostProcessors (for example: not eligible for auto-proxying). Is this bean getting eagerly injected into a currently created BeanPostProcessor [lbRestClientPostProcessor]? Check the corresponding BeanPostProcessor declaration and its dependencies.","logger_name":"org.springframework.context.support.PostProcessorRegistrationDelegate$BeanPostProcessorChecker","thread_name":"main","level":"WARN","level_value":30000,"service":"unknown","environment":"default"}
{"@timestamp":"2025-12-24T12:45:26.325+05:30","message":"Bean 'xForwarderHeadersTransformer' of type [org.springframework.cloud.loadbalancer.blocking.XForwardedHeadersTransformer] is not eligible for getting processed by all BeanPostProcessors (for example: not eligible for auto-proxying). Is this bean getting eagerly injected into a currently created BeanPostProcessor [lbRestClientPostProcessor]? Check the corresponding BeanPostProcessor declaration and its dependencies.","logger_name":"org.springframework.context.support.PostProcessorRegistrationDelegate$BeanPostProcessorChecker","thread_name":"main","level":"WARN","level_value":30000,"service":"unknown","environment":"default"}
{"@timestamp":"2025-12-24T12:45:26.328+05:30","message":"Bean 'org.springframework.cloud.client.loadbalancer.LoadBalancerAutoConfiguration' of type [org.springframework.cloud.client.loadbalancer.LoadBalancerAutoConfiguration] is not eligible for getting processed by all BeanPostProcessors (for example: not eligible for auto-proxying). Is this bean getting eagerly injected into a currently created BeanPostProcessor [lbRestClientPostProcessor]? Check the corresponding BeanPostProcessor declaration and its dependencies.","logger_name":"org.springframework.context.support.PostProcessorRegistrationDelegate$BeanPostProcessorChecker","thread_name":"main","level":"WARN","level_value":30000,"service":"unknown","environment":"default"}
{"@timestamp":"2025-12-24T12:45:26.333+05:30","message":"Bean 'loadBalancerRequestFactory' of type [org.springframework.cloud.client.loadbalancer.LoadBalancerRequestFactory] is not eligible for getting processed by all BeanPostProcessors (for example: not eligible for auto-proxying). Is this bean getting eagerly injected into a currently created BeanPostProcessor [lbRestClientPostProcessor]? Check the corresponding BeanPostProcessor declaration and its dependencies.","logger_name":"org.springframework.context.support.PostProcessorRegistrationDelegate$BeanPostProcessorChecker","thread_name":"main","level":"WARN","level_value":30000,"service":"unknown","environment":"default"}
{"@timestamp":"2025-12-24T12:45:26.338+05:30","message":"Bean 'org.springframework.cloud.loadbalancer.config.BlockingLoadBalancerClientAutoConfiguration$BlockingLoadBalancerRetryConfig' of type [org.springframework.cloud.loadbalancer.config.BlockingLoadBalancerClientAutoConfiguration$BlockingLoadBalancerRetryConfig$$SpringCGLIB$$0] is not eligible for getting processed by all BeanPostProcessors (for example: not eligible for auto-proxying). Is this bean getting eagerly injected into a currently created BeanPostProcessor [lbRestClientPostProcessor]? Check the corresponding BeanPostProcessor declaration and its dependencies.","logger_name":"org.springframework.context.support.PostProcessorRegistrationDelegate$BeanPostProcessorChecker","thread_name":"main","level":"WARN","level_value":30000,"service":"unknown","environment":"default"}
{"@timestamp":"2025-12-24T12:45:26.346+05:30","message":"Bean 'loadBalancedRetryFactory' of type [org.springframework.cloud.loadbalancer.blocking.retry.BlockingLoadBalancedRetryFactory] is not eligible for getting processed by all BeanPostProcessors (for example: not eligible for auto-proxying). Is this bean getting eagerly injected into a currently created BeanPostProcessor [lbRestClientPostProcessor]? Check the corresponding BeanPostProcessor declaration and its dependencies.","logger_name":"org.springframework.context.support.PostProcessorRegistrationDelegate$BeanPostProcessorChecker","thread_name":"main","level":"WARN","level_value":30000,"service":"unknown","environment":"default"}
{"@timestamp":"2025-12-24T12:45:26.357+05:30","message":"Bean 'loadBalancerInterceptor' of type [org.springframework.cloud.client.loadbalancer.RetryLoadBalancerInterceptor] is not eligible for getting processed by all BeanPostProcessors (for example: not eligible for auto-proxying). Is this bean getting eagerly injected into a currently created BeanPostProcessor [lbRestClientPostProcessor]? Check the corresponding BeanPostProcessor declaration and its dependencies.","logger_name":"org.springframework.context.support.PostProcessorRegistrationDelegate$BeanPostProcessorChecker","thread_name":"main","level":"WARN","level_value":30000,"service":"unknown","environment":"default"}
{"@timestamp":"2025-12-24T12:45:26.419+05:30","message":"FlywayConfig initialized with locations: null","logger_name":"in.winvestco.common.config.FlywayConfig","thread_name":"main","level":"INFO","level_value":20000,"service":"unknown","environment":"default"}
{"@timestamp":"2025-12-24T12:45:26.508+05:30","message":"Configuring Flyway with locations: classpath:db/migration, baseline-on-migrate: true, validate-on-migrate: false","logger_name":"in.winvestco.common.config.FlywayConfig","thread_name":"main","level":"INFO","level_value":20000,"service":"unknown","environment":"default"}
{"@timestamp":"2025-12-24T12:45:26.690+05:30","message":"HHH000511: The 2.2.0 version for [org.hibernate.dialect.PostgreSQLDialect] is no longer supported, hence certain features may not work properly. The minimum supported version is 11.0.0. Check the community dialects project for available legacy versions.","logger_name":"org.hibernate.dialect.Dialect","thread_name":"main","level":"WARN","level_value":30000,"service":"unknown","environment":"default"}
{"@timestamp":"2025-12-24T12:45:26.690+05:30","message":"HHH90000025: PostgreSQLDialect does not need to be specified explicitly using 'hibernate.dialect' (remove the property setting and it will be selected by default)","logger_name":"org.hibernate.orm.deprecation","thread_name":"main","level":"WARN","level_value":30000,"service":"unknown","environment":"default"}
{"@timestamp":"2025-12-24T12:45:26.778+05:30","message":"\r\n    alter table if exists users_roles \r\n       drop constraint if exists FK2o0jvgh89lemvvo17cbqvdxaa","logger_name":"org.hibernate.SQL","thread_name":"main","level":"DEBUG","level_value":10000,"service":"unknown","environment":"default"}
{"@timestamp":"2025-12-24T12:45:26.781+05:30","message":"\r\n    drop table if exists users cascade","logger_name":"org.hibernate.SQL","thread_name":"main","level":"DEBUG","level_value":10000,"service":"unknown","environment":"default"}
{"@timestamp":"2025-12-24T12:45:26.783+05:30","message":"\r\n    drop table if exists users_roles cascade","logger_name":"org.hibernate.SQL","thread_name":"main","level":"DEBUG","level_value":10000,"service":"unknown","environment":"default"}
{"@timestamp":"2025-12-24T12:45:26.784+05:30","message":"\r\n    create table users (\r\n        created_at timestamp(6) with time zone not null,\r\n        id bigserial not null,\r\n        last_login_at timestamp(6) with time zone,\r\n        updated_at timestamp(6) with time zone,\r\n        client_id varchar(20),\r\n        phone_number varchar(20),\r\n        status varchar(20) not null check (status in ('ACTIVE','SUSPENDED','CLOSED','LOCKED','BLOCKED','DELETED')),\r\n        first_name varchar(100),\r\n        last_name varchar(100),\r\n        password_hash varchar(100) not null,\r\n        email varchar(255) not null unique,\r\n        primary key (id)\r\n    )","logger_name":"org.hibernate.SQL","thread_name":"main","level":"DEBUG","level_value":10000,"service":"unknown","environment":"default"}
{"@timestamp":"2025-12-24T12:45:26.789+05:30","message":"\r\n    create table users_roles (\r\n        user_id bigint not null,\r\n        role varchar(50) check (role in ('ADMIN','USER','VIEWER'))\r\n    )","logger_name":"org.hibernate.SQL","thread_name":"main","level":"DEBUG","level_value":10000,"service":"unknown","environment":"default"}
{"@timestamp":"2025-12-24T12:45:26.791+05:30","message":"\r\n    alter table if exists users_roles \r\n       add constraint FK2o0jvgh89lemvvo17cbqvdxaa \r\n       foreign key (user_id) \r\n       references users","logger_name":"org.hibernate.SQL","thread_name":"main","level":"DEBUG","level_value":10000,"service":"unknown","environment":"default"}
{"@timestamp":"2025-12-24T12:45:26.825+05:30","message":"UserServiceApplication initialized with centralized logging and service discovery","logger_name":"in.winvestco.user_service.UserServiceApplication","thread_name":"main","level":"INFO","level_value":20000,"service":"unknown","environment":"default"}
{"@timestamp":"2025-12-24T12:45:27.390+05:30","message":"Enhanced LoggingConfig initialized - centralized logging configuration loaded","logger_name":"in.winvestco.common.config.LoggingConfig","thread_name":"main","level":"INFO","level_value":20000,"service":"unknown","environment":"default"}
{"@timestamp":"2025-12-24T12:45:27.399+05:30","message":"MetricsConfig initialized for service: user-service","logger_name":"in.winvestco.common.config.MetricsConfig","thread_name":"main","level":"INFO","level_value":20000,"service":"unknown","environment":"default"}
{"@timestamp":"2025-12-24T12:45:27.844+05:30","message":"spring.jpa.open-in-view is enabled by default. Therefore, database queries may be performed during view rendering. Explicitly configure spring.jpa.open-in-view to disable this warning","logger_name":"org.springframework.boot.autoconfigure.orm.jpa.JpaBaseConfiguration$JpaWebConfiguration","thread_name":"main","level":"WARN","level_value":30000,"service":"unknown","environment":"default"}
{"@timestamp":"2025-12-24T12:45:28.245+05:30","message":"Creating OpenTelemetry Tracer for service: user-service","logger_name":"in.winvestco.common.config.OpenTelemetryConfig","thread_name":"main","level":"INFO","level_value":20000,"service":"unknown","environment":"default"}
{"@timestamp":"2025-12-24T12:45:28.339+05:30","message":"Prometheus metrics export enabled for service: user-service","logger_name":"in.winvestco.common.config.MetricsConfig","thread_name":"main","level":"INFO","level_value":20000,"service":"unknown","environment":"default"}
{"@timestamp":"2025-12-24T12:45:29.148+05:30","message":"Will secure any request with [org.springframework.security.web.session.DisableEncodeUrlFilter@18677673, org.springframework.security.web.context.request.async.WebAsyncManagerIntegrationFilter@aa0fb74, org.springframework.security.web.context.SecurityContextHolderFilter@6a130268, org.springframework.security.web.header.HeaderWriterFilter@59437ac5, org.springframework.web.filter.CorsFilter@3e6a296a, org.springframework.security.web.authentication.logout.LogoutFilter@1435a39, org.springframework.security.oauth2.server.resource.web.authentication.BearerTokenAuthenticationFilter@2516f2bc, org.springframework.security.web.savedrequest.RequestCacheAwareFilter@5c77a4f3, org.springframework.security.web.servletapi.SecurityContextHolderAwareRequestFilter@766d04dd, org.springframework.security.web.authentication.AnonymousAuthenticationFilter@62879104, org.springframework.security.web.session.SessionManagementFilter@5edcfc3e, org.springframework.security.web.access.ExceptionTranslationFilter@2e19bd09, org.springframework.security.web.access.intercept.AuthorizationFilter@66dcfbf5]","logger_name":"org.springframework.security.web.DefaultSecurityFilterChain","thread_name":"main","level":"INFO","level_value":20000,"service":"unknown","environment":"default"}
{"@timestamp":"2025-12-24T12:45:29.161+05:30","message":"You are asking Spring Security to ignore Ant [pattern='/api/auth/login']. This is not recommended -- please use permitAll via HttpSecurity#authorizeHttpRequests instead.","logger_name":"org.springframework.security.config.annotation.web.builders.WebSecurity","thread_name":"main","level":"WARN","level_value":30000,"service":"unknown","environment":"default"}
{"@timestamp":"2025-12-24T12:45:29.161+05:30","message":"Will not secure Ant [pattern='/api/auth/login']","logger_name":"org.springframework.security.web.DefaultSecurityFilterChain","thread_name":"main","level":"INFO","level_value":20000,"service":"unknown","environment":"default"}
{"@timestamp":"2025-12-24T12:45:29.161+05:30","message":"You are asking Spring Security to ignore Ant [pattern='/api/users/register']. This is not recommended -- please use permitAll via HttpSecurity#authorizeHttpRequests instead.","logger_name":"org.springframework.security.config.annotation.web.builders.WebSecurity","thread_name":"main","level":"WARN","level_value":30000,"service":"unknown","environment":"default"}
{"@timestamp":"2025-12-24T12:45:29.161+05:30","message":"Will not secure Ant [pattern='/api/users/register']","logger_name":"org.springframework.security.web.DefaultSecurityFilterChain","thread_name":"main","level":"INFO","level_value":20000,"service":"unknown","environment":"default"}
{"@timestamp":"2025-12-24T12:45:29.161+05:30","message":"You are asking Spring Security to ignore Ant [pattern='/api/users/register/**']. This is not recommended -- please use permitAll via HttpSecurity#authorizeHttpRequests instead.","logger_name":"org.springframework.security.config.annotation.web.builders.WebSecurity","thread_name":"main","level":"WARN","level_value":30000,"service":"unknown","environment":"default"}
{"@timestamp":"2025-12-24T12:45:29.161+05:30","message":"Will not secure Ant [pattern='/api/users/register/**']","logger_name":"org.springframework.security.web.DefaultSecurityFilterChain","thread_name":"main","level":"INFO","level_value":20000,"service":"unknown","environment":"default"}
{"@timestamp":"2025-12-24T12:45:29.163+05:30","message":"You are asking Spring Security to ignore Ant [pattern='/swagger-ui/**']. This is not recommended -- please use permitAll via HttpSecurity#authorizeHttpRequests instead.","logger_name":"org.springframework.security.config.annotation.web.builders.WebSecurity","thread_name":"main","level":"WARN","level_value":30000,"service":"unknown","environment":"default"}
{"@timestamp":"2025-12-24T12:45:29.163+05:30","message":"Will not secure Ant [pattern='/swagger-ui/**']","logger_name":"org.springframework.security.web.DefaultSecurityFilterChain","thread_name":"main","level":"INFO","level_value":20000,"service":"unknown","environment":"default"}
{"@timestamp":"2025-12-24T12:45:29.163+05:30","message":"You are asking Spring Security to ignore Ant [pattern='/v3/api-docs/**']. This is not recommended -- please use permitAll via HttpSecurity#authorizeHttpRequests instead.","logger_name":"org.springframework.security.config.annotation.web.builders.WebSecurity","thread_name":"main","level":"WARN","level_value":30000,"service":"unknown","environment":"default"}
{"@timestamp":"2025-12-24T12:45:29.163+05:30","message":"Will not secure Ant [pattern='/v3/api-docs/**']","logger_name":"org.springframework.security.web.DefaultSecurityFilterChain","thread_name":"main","level":"INFO","level_value":20000,"service":"unknown","environment":"default"}
{"@timestamp":"2025-12-24T12:45:30.843+05:30","message":"Spring Cloud LoadBalancer is currently working with the default cache. While this cache implementation is useful for development and tests, it's recommended to use Caffeine cache in production.You can switch to using Caffeine cache, by adding it and org.springframework.cache.caffeine.CaffeineCacheManager to the classpath.","logger_name":"org.springframework.cloud.loadbalancer.config.LoadBalancerCacheAutoConfiguration$LoadBalancerCaffeineWarnLogger","thread_name":"main","level":"WARN","level_value":30000,"service":"unknown","environment":"default"}
{"@timestamp":"2025-12-24T12:45:31.032+05:30","message":"Started UserServiceApplicationTests in 7.891 seconds (process running for 21.547)","logger_name":"in.winvestco.user_service.UserServiceApplicationTests","thread_name":"main","level":"INFO","level_value":20000,"service":"unknown","environment":"default"}
{"@timestamp":"2025-12-24T12:45:31.152+05:30","message":"\r\n    select\r\n        u1_0.id,\r\n        u1_0.client_id,\r\n        u1_0.created_at,\r\n        u1_0.email,\r\n        u1_0.first_name,\r\n        u1_0.last_login_at,\r\n        u1_0.last_name,\r\n        u1_0.password_hash,\r\n        u1_0.phone_number,\r\n        u1_0.status,\r\n        u1_0.updated_at \r\n    from\r\n        users u1_0 \r\n    where\r\n        u1_0.email=?","logger_name":"org.hibernate.SQL","thread_name":"main","level":"DEBUG","level_value":10000,"service":"unknown","environment":"default"}
{"@timestamp":"2025-12-24T12:45:31.279+05:30","message":"\r\n    insert \r\n    into\r\n        users\r\n        (client_id, created_at, email, first_name, last_login_at, last_name, password_hash, phone_number, status, updated_at) \r\n    values\r\n        (?, ?, ?, ?, ?, ?, ?, ?, ?, ?)","logger_name":"org.hibernate.SQL","thread_name":"main","level":"DEBUG","level_value":10000,"service":"unknown","environment":"default"}
{"@timestamp":"2025-12-24T12:45:31.281+05:30","message":"\r\n    insert \r\n    into\r\n        users_roles\r\n        (user_id, role) \r\n    values\r\n        (?, ?)","logger_name":"org.hibernate.SQL","thread_name":"main","level":"DEBUG","level_value":10000,"service":"unknown","environment":"default"}
{"@timestamp":"2025-12-24T12:45:31.282+05:30","message":"\r\n    insert \r\n    into\r\n        users_roles\r\n        (user_id, role) \r\n    values\r\n        (?, ?)","logger_name":"org.hibernate.SQL","thread_name":"main","level":"DEBUG","level_value":10000,"service":"unknown","environment":"default"}
{"@timestamp":"2025-12-24T12:45:31.283+05:30","message":"\r\n    insert \r\n    into\r\n        users_roles\r\n        (user_id, role) \r\n    values\r\n        (?, ?)","logger_name":"org.hibernate.SQL","thread_name":"main","level":"DEBUG","level_value":10000,"service":"unknown","environment":"default"}
[INFO] Tests run: 1, Failures: 0, Errors: 0, Skipped: 0, Time elapsed: 8.195 s -- in in.winvestco.user_service.UserServiceApplicationTests
[INFO] 
[INFO] Results:
[INFO] 
[INFO] Tests run: 177, Failures: 0, Errors: 0, Skipped: 0
[INFO] 
[INFO] 
[INFO] --- jacoco:0.8.11:report (report) @ user-service ---
[INFO] Loading execution data file D:\winvestco-trading-platform\backend\user-service\target\jacoco.exec
[INFO] Analyzed bundle 'WINVESTCO User Service' with 23 classes
[INFO] ------------------------------------------------------------------------
[INFO] BUILD SUCCESS
[INFO] ------------------------------------------------------------------------
[INFO] Total time:  31.619 s
[INFO] Finished at: 2025-12-24T12:45:32+05:30
[INFO] ------------------------------------------------------------------------
